#
# A fatal error has been detected by the Java Runtime Environment:
#
#  EXCEPTION_ACCESS_VIOLATION (0xc0000005) at pc=0x00007fface7bd266, pid=8736, tid=4300
#
# JRE version: OpenJDK Runtime Environment (11.0.11+9) (build 11.0.11+9-b60-7590822)
# Java VM: OpenJDK 64-Bit Server VM (11.0.11+9-b60-7590822, mixed mode, tiered, compressed oops, g1 gc, windows-amd64)
# Problematic frame:
# V  [jvm.dll+0x18d266]
#
# No core dump will be written. Minidumps are not enabled by default on client versions of Windows
#
# If you would like to submit a bug report, please visit:
#   https://bugreport.java.com/bugreport/crash.jsp
#

---------------  S U M M A R Y ------------

Command Line: --add-opens=java.base/java.util=ALL-UNNAMED --add-opens=java.base/java.lang=ALL-UNNAMED --add-opens=java.base/java.lang.invoke=ALL-UNNAMED --add-opens=java.base/java.util=ALL-UNNAMED --add-opens=java.prefs/java.util.prefs=ALL-UNNAMED --add-opens=java.prefs/java.util.prefs=ALL-UNNAMED --add-opens=java.base/java.nio.charset=ALL-UNNAMED --add-opens=java.base/java.net=ALL-UNNAMED --add-opens=java.base/java.util.concurrent.atomic=ALL-UNNAMED -Xmx2048m -Dfile.encoding=UTF-8 -Duser.country=BR -Duser.language=pt -Duser.variant org.gradle.launcher.daemon.bootstrap.GradleDaemon 7.2

Host: Intel(R) Core(TM) i5-2310 CPU @ 2.90GHz, 4 cores, 7G,  Windows 10 , 64 bit Build 19041 (10.0.19041.1566)
Time: Thu Mar 24 14:16:09 2022 Hora oficial do Brasil elapsed time: 4257.155308 seconds (0d 1h 10m 57s)

---------------  T H R E A D  ---------------

Current thread (0x000002633ea68800):  ConcurrentGCThread "G1 Conc#0" [stack: 0x00000069de300000,0x00000069de400000] [id=4300]

Stack: [0x00000069de300000,0x00000069de400000],  sp=0x00000069de3ff488,  free space=1021k
Native frames: (J=compiled Java code, j=interpreted, Vv=VM code, C=native code)
V  [jvm.dll+0x18d266]


siginfo: EXCEPTION_ACCESS_VIOLATION (0xc0000005), reading address 0x0000000000000008


Register to memory mapping:

RIP=0x00007fface7bd266 jvm.dll
RAX=0x8800024400012201 is an unknown value
RBX=0x00000000850336b8 is pointing into object: [Lorg.codehaus.groovy.util.ComplexKeyHashMap$Entry; 
{0x0000000085033680} - klass: 'org/codehaus/groovy/util/ComplexKeyHashMap$Entry'[]
 - length: 32
RCX=0x00000000850336b8 is pointing into object: [Lorg.codehaus.groovy.util.ComplexKeyHashMap$Entry; 
{0x0000000085033680} - klass: 'org/codehaus/groovy/util/ComplexKeyHashMap$Entry'[]
 - length: 32
RDX=0x00000000850336b8 is pointing into object: [Lorg.codehaus.groovy.util.ComplexKeyHashMap$Entry; 
{0x0000000085033680} - klass: 'org/codehaus/groovy/util/ComplexKeyHashMap$Entry'[]
 - length: 32
RSP=0x00000069de3ff488 points into unknown readable memory: 0x00007fface90b2fa | fa b2 90 ce fa 7f 00 00
RBP=0x000002633ea5d480 points into unknown readable memory: 0x000002633ea66000 | 00 60 a6 3e 63 02 00 00
RSI=0x0000000000000001 is an unknown value
RDI=0x0 is NULL
R8 =0x8800024400012200 is an unknown value
R9 =0x0 is NULL
R10=0x000002633ea5d480 points into unknown readable memory: 0x000002633ea66000 | 00 60 a6 3e 63 02 00 00
R11=0x346dc5d63886594b is an unknown value
R12=0x000000000000000c is an unknown value
R13=0xaaaaaaaaaaaaaaab is an unknown value
R14=0x0 is NULL
R15=0x0000000087b05498 is an oop: org.apache.xerces.dom.AttrImpl 
{0x0000000087b05498} - klass: 'org/apache/xerces/dom/AttrImpl'


Registers:
RAX=0x8800024400012201, RBX=0x00000000850336b8, RCX=0x00000000850336b8, RDX=0x00000000850336b8
RSP=0x00000069de3ff488, RBP=0x000002633ea5d480, RSI=0x0000000000000001, RDI=0x0000000000000000
R8 =0x8800024400012200, R9 =0x0000000000000000, R10=0x000002633ea5d480, R11=0x346dc5d63886594b
R12=0x000000000000000c, R13=0xaaaaaaaaaaaaaaab, R14=0x0000000000000000, R15=0x0000000087b05498
RIP=0x00007fface7bd266, EFLAGS=0x0000000000010246

Top of Stack: (sp=0x00000069de3ff488)
0x00000069de3ff488:   00007fface90b2fa 00000000850336b8
0x00000069de3ff498:   0000000100847270 000002633ea69280
0x00000069de3ff4a8:   0000000000000001 0000000100847278
0x00000069de3ff4b8:   00007fface90b1a6 0000000100847270
0x00000069de3ff4c8:   00000000850336b8 000002633ea69320
0x00000069de3ff4d8:   00000069de3ff6c8 0000000000000000
0x00000069de3ff4e8:   00000069de3ff6c8 0000000087b054b8
0x00000069de3ff4f8:   00007fface90303d 0000000000000004
0x00000069de3ff508:   0000000087b054a8 0000000087b05478
0x00000069de3ff518:   0000000087b05464 00000069de3ff6a0
0x00000069de3ff528:   000002633ea68d01 0000000100846bd8
0x00000069de3ff538:   00007fface9028f1 0000000000000004
0x00000069de3ff548:   00000069de3ff6c8 0000000087b05498
0x00000069de3ff558:   000002633ea68d01 0000000087b05498
0x00000069de3ff568:   00007fface910cdf 000002633ea69320
0x00000069de3ff578:   00000000012e0000 0000000000000000 

Instructions: (pc=0x00007fface7bd266)
0x00007fface7bd166:   82 00 48 d3 e0 48 03 05 1e 6b 82 00 eb 04 48 8b
0x00007fface7bd176:   43 08 81 78 08 00 00 00 c0 73 7d 48 8b 4f 38 48
0x00007fface7bd186:   8b d3 48 8b 01 ff 50 20 84 c0 75 6c 38 05 e0 f6
0x00007fface7bd196:   86 00 74 15 8b 53 08 8b 0d f5 6a 82 00 48 d3 e2
0x00007fface7bd1a6:   48 03 15 e3 6a 82 00 eb 04 48 8b 53 08 48 8b cb
0x00007fface7bd1b6:   48 89 5c 24 20 e8 a0 00 00 00 80 7f 30 00 48 63
0x00007fface7bd1c6:   c8 48 89 4c 24 28 0f 28 44 24 20 74 17 0f 11 86
0x00007fface7bd1d6:   98 03 00 00 48 8b 5c 24 40 48 8b 74 24 48 48 83
0x00007fface7bd1e6:   c4 30 5f c3 48 8b 07 48 8d 54 24 20 48 8b cf 66
0x00007fface7bd1f6:   0f 7f 44 24 20 ff 50 38 48 8b 5c 24 40 48 8b 74
0x00007fface7bd206:   24 48 48 83 c4 30 5f c3 cc cc 48 8b 49 38 48 8b
0x00007fface7bd216:   01 48 ff 60 28 cc cc cc cc cc 80 3d 51 f6 86 00
0x00007fface7bd226:   00 48 8b c1 74 1b 8b 51 08 8b 0d 63 6a 82 00 48
0x00007fface7bd236:   d3 e2 48 8b c8 48 03 15 4e 6a 82 00 e9 19 00 00
0x00007fface7bd246:   00 48 8b 51 08 48 8b c8 e9 0d 00 00 00 cc cc cc
0x00007fface7bd256:   cc cc cc cc cc cc cc cc cc cc 4c 8b ca 48 8b d1
0x00007fface7bd266:   45 8b 41 08 45 85 c0 7e 0e 41 f6 c0 01 75 59 41
0x00007fface7bd276:   c1 f8 03 41 8b c0 c3 79 4f 80 3d f2 f5 86 00 00
0x00007fface7bd286:   b8 0c 00 00 00 b9 10 00 00 00 0f 45 c8 8b 05 2b
0x00007fface7bd296:   b4 80 00 ff c8 4c 63 c8 48 63 c1 41 8b c8 83 e1
0x00007fface7bd2a6:   3f 48 63 14 10 41 8b c0 48 c1 f8 10 0f b6 c0 48
0x00007fface7bd2b6:   d3 e2 49 8d 0c 11 49 f7 d1 48 03 c1 49 c1 e9 03
0x00007fface7bd2c6:   48 c1 e8 03 41 23 c1 c3 49 8b 01 49 8b c9 48 ff
0x00007fface7bd2d6:   a0 10 01 00 00 cc cc cc cc cc 48 83 ec 38 0f 10
0x00007fface7bd2e6:   02 48 8b 49 38 48 8d 54 24 20 0f 29 44 24 20 e8
0x00007fface7bd2f6:   66 f0 ff ff 48 83 c4 38 c3 cc 48 89 5c 24 08 55
0x00007fface7bd306:   56 57 41 54 41 55 41 56 41 57 48 8d 6c 24 e0 48
0x00007fface7bd316:   81 ec 20 01 00 00 48 8b 05 1d ef 83 00 48 33 c4
0x00007fface7bd326:   48 89 45 10 48 8b 05 5f 60 86 00 45 33 ed 4c 8b
0x00007fface7bd336:   b5 80 00 00 00 4c 8b fa 48 8b bd 88 00 00 00 4d
0x00007fface7bd346:   8b c6 49 8b d6 49 8b f1 48 8b 48 38 48 8b 59 48
0x00007fface7bd356:   49 8b cf c7 45 c0 ff ff ff ff 44 89 6d d4 4c 89 


Stack slot to memory mapping:
stack at sp + 0 slots: 0x00007fface90b2fa jvm.dll
stack at sp + 1 slots: 0x00000000850336b8 is pointing into object: [Lorg.codehaus.groovy.util.ComplexKeyHashMap$Entry; 
{0x0000000085033680} - klass: 'org/codehaus/groovy/util/ComplexKeyHashMap$Entry'[]
 - length: 32
stack at sp + 2 slots: 0x0000000100847270 is pointing into metadata
stack at sp + 3 slots: 0x000002633ea69280 points into unknown readable memory: 0x0000026300000043 | 43 00 00 00 63 02 00 00
stack at sp + 4 slots: 0x0000000000000001 is an unknown value
stack at sp + 5 slots: 0x0000000100847278 is a pointer to class: 
org.apache.xerces.dom.AttrNSImpl {0x0000000100847280}
stack at sp + 6 slots: 0x00007fface90b1a6 jvm.dll
stack at sp + 7 slots: 0x0000000100847270 is pointing into metadata


---------------  P R O C E S S  ---------------

Threads class SMR info:
_java_thread_list=0x0000026360182540, length=89, elements={
0x000002633ea1e800, 0x0000026358d3c800, 0x0000026358d3e800, 0x0000026358d59000,
0x0000026358d5a800, 0x0000026358d5d000, 0x0000026358d60800, 0x0000026358d67800,
0x0000026358d6a000, 0x000002635982b800, 0x000002635b93f000, 0x000002635bb5c000,
0x000002635cd1a000, 0x000002635bc6a000, 0x000002635bc69000, 0x000002635bc66800,
0x000002635bc65800, 0x000002635bc6b800, 0x000002635bc6c800, 0x000002635c303800,
0x000002635c304800, 0x000002635c2fe800, 0x000002635c302000, 0x000002635c2ff800,
0x000002635c630000, 0x000002635a85b800, 0x000002635a858800, 0x000002635a859000,
0x000002635a85a000, 0x000002635a856000, 0x000002635a857800, 0x000002635a85b000,
0x000002635a85c800, 0x000002635a856800, 0x000002635a863000, 0x000002635a861800,
0x000002635a862000, 0x000002635a85d000, 0x000002635a864800, 0x000002635a85f000,
0x000002635a85f800, 0x000002635c62d000, 0x000002635c631000, 0x000002635c62e800,
0x000002635c62c000, 0x000002635c632800, 0x000002635c62d800, 0x000002635c633800,
0x000002635c62f800, 0x000002635c635000, 0x000002635c638800, 0x000002635c636800,
0x000002635c634000, 0x000002635c636000, 0x000002635c637800, 0x000002635c639000,
0x000002635c63a000, 0x000002635c301000, 0x000002635c305000, 0x000002635c306000,
0x000002635c300800, 0x000002635c309800, 0x000002635c30a000, 0x000002635c30d800,
0x000002635c307800, 0x000002635c30b800, 0x000002635c308800, 0x000002635c30b000,
0x000002635c30c800, 0x000002635bc68000, 0x000002635bc6a800, 0x000002635bc67800,
0x0000026364baf000, 0x0000026364bae800, 0x0000026364bb5800, 0x0000026364bb0000,
0x0000026364bb3000, 0x0000026364bb2800, 0x0000026364bb0800, 0x0000026364bb4000,
0x0000026364bb1800, 0x0000026364bb8000, 0x0000026364bb6800, 0x0000026364bb7800,
0x0000026364bb9800, 0x0000026364bb9000, 0x0000026364bba800, 0x0000026364bbd000,
0x000002635a85e000
}

Java Threads: ( => current thread )
  0x000002633ea1e800 JavaThread "main" [_thread_blocked, id=9752, stack(0x00000069de000000,0x00000069de100000)]
  0x0000026358d3c800 JavaThread "Reference Handler" daemon [_thread_blocked, id=1552, stack(0x00000069de700000,0x00000069de800000)]
  0x0000026358d3e800 JavaThread "Finalizer" daemon [_thread_blocked, id=8396, stack(0x00000069de800000,0x00000069de900000)]
  0x0000026358d59000 JavaThread "Signal Dispatcher" daemon [_thread_blocked, id=10332, stack(0x00000069de900000,0x00000069dea00000)]
  0x0000026358d5a800 JavaThread "Attach Listener" daemon [_thread_blocked, id=6308, stack(0x00000069dea00000,0x00000069deb00000)]
  0x0000026358d5d000 JavaThread "Service Thread" daemon [_thread_blocked, id=6852, stack(0x00000069deb00000,0x00000069dec00000)]
  0x0000026358d60800 JavaThread "C2 CompilerThread0" daemon [_thread_in_vm, id=6156, stack(0x00000069dec00000,0x00000069ded00000)]
  0x0000026358d67800 JavaThread "C1 CompilerThread0" daemon [_thread_blocked, id=5656, stack(0x00000069ded00000,0x00000069dee00000)]
  0x0000026358d6a000 JavaThread "Sweeper thread" daemon [_thread_blocked, id=7312, stack(0x00000069dee00000,0x00000069def00000)]
  0x000002635982b800 JavaThread "Common-Cleaner" daemon [_thread_blocked, id=10968, stack(0x00000069def00000,0x00000069df000000)]
  0x000002635b93f000 JavaThread "Daemon health stats" [_thread_blocked, id=3536, stack(0x00000069df400000,0x00000069df500000)]
  0x000002635bb5c000 JavaThread "Incoming local TCP Connector on port 50870" [_thread_in_native, id=7832, stack(0x00000069df500000,0x00000069df600000)]
  0x000002635cd1a000 JavaThread "Daemon periodic checks" [_thread_blocked, id=3812, stack(0x00000069df800000,0x00000069df900000)]
  0x000002635bc6a000 JavaThread "Cache worker for journal cache (C:\Users\VINICIUS\.gradle\caches\journal-1)" [_thread_blocked, id=5372, stack(0x00000069e0000000,0x00000069e0100000)]
  0x000002635bc69000 JavaThread "File lock request listener" [_thread_in_native, id=6840, stack(0x00000069e0100000,0x00000069e0200000)]
  0x000002635bc66800 JavaThread "Cache worker for file hash cache (C:\Users\VINICIUS\.gradle\caches\7.2\fileHashes)" [_thread_blocked, id=9488, stack(0x00000069e0200000,0x00000069e0300000)]
  0x000002635bc65800 JavaThread "File watcher server" daemon [_thread_in_native, id=9456, stack(0x00000069e0400000,0x00000069e0500000)]
  0x000002635bc6b800 JavaThread "File watcher consumer" daemon [_thread_blocked, id=9484, stack(0x00000069e0500000,0x00000069e0600000)]
  0x000002635bc6c800 JavaThread "jar transforms" [_thread_blocked, id=9480, stack(0x00000069e0600000,0x00000069e0700000)]
  0x000002635c303800 JavaThread "jar transforms Thread 2" [_thread_blocked, id=6492, stack(0x00000069e0700000,0x00000069e0800000)]
  0x000002635c304800 JavaThread "jar transforms Thread 3" [_thread_blocked, id=7440, stack(0x00000069e0800000,0x00000069e0900000)]
  0x000002635c2fe800 JavaThread "jar transforms Thread 4" [_thread_blocked, id=9460, stack(0x00000069e0900000,0x00000069e0a00000)]
  0x000002635c302000 JavaThread "Cache worker for execution history cache (C:\Users\VINICIUS\.gradle\caches\7.2\executionHistory)" [_thread_blocked, id=9928, stack(0x00000069e0d00000,0x00000069e0e00000)]
  0x000002635c2ff800 JavaThread "Cache worker for file content cache (C:\Users\VINICIUS\.gradle\caches\7.2\fileContent)" [_thread_blocked, id=5204, stack(0x00000069e0e00000,0x00000069e0f00000)]
  0x000002635c630000 JavaThread "Memory manager" [_thread_blocked, id=4148, stack(0x00000069df100000,0x00000069df200000)]
  0x000002635a85b800 JavaThread "Daemon Thread 5" [_thread_blocked, id=5428, stack(0x00000069ddd00000,0x00000069dde00000)]
  0x000002635a858800 JavaThread "Handler for socket connection from /127.0.0.1:50870 to /127.0.0.1:52274" [_thread_in_native, id=6632, stack(0x00000069dde00000,0x00000069ddf00000)]
  0x000002635a859000 JavaThread "Cancel handler" [_thread_blocked, id=7484, stack(0x00000069ddf00000,0x00000069de000000)]
  0x000002635a85a000 JavaThread "Daemon worker Thread 5" [_thread_blocked, id=9948, stack(0x00000069df900000,0x00000069dfa00000)]
  0x000002635a856000 JavaThread "Asynchronous log dispatcher for DefaultDaemonConnection: socket connection from /127.0.0.1:50870 to /127.0.0.1:52274" [_thread_blocked, id=10428, stack(0x00000069dfa00000,0x00000069dfb00000)]
  0x000002635a857800 JavaThread "Stdin handler" [_thread_blocked, id=12148, stack(0x00000069dfb00000,0x00000069dfc00000)]
  0x000002635a85b000 JavaThread "Daemon client event forwarder" [_thread_blocked, id=6064, stack(0x00000069dfc00000,0x00000069dfd00000)]
  0x000002635a85c800 JavaThread "Cache worker for file hash cache (C:\Users\VINICIUS\AndroidStudioProjects\BusinessCard\.gradle\7.2\fileHashes)" [_thread_blocked, id=1796, stack(0x00000069dfd00000,0x00000069dfe00000)]
  0x000002635a856800 JavaThread "Cache worker for checksums cache (C:\Users\VINICIUS\AndroidStudioProjects\BusinessCard\.gradle\checksums)" [_thread_blocked, id=5796, stack(0x00000069dfe00000,0x00000069dff00000)]
  0x000002635a863000 JavaThread "Cache worker for cache directory md-supplier (C:\Users\VINICIUS\.gradle\caches\7.2\md-supplier)" [_thread_blocked, id=7676, stack(0x00000069dff00000,0x00000069e0000000)]
  0x000002635a861800 JavaThread "Cache worker for cache directory md-rule (C:\Users\VINICIUS\.gradle\caches\7.2\md-rule)" [_thread_blocked, id=4000, stack(0x00000069e0300000,0x00000069e0400000)]
  0x000002635a862000 JavaThread "Cache worker for dependencies-accessors (C:\Users\VINICIUS\AndroidStudioProjects\BusinessCard\.gradle\7.2\dependencies-accessors)" [_thread_blocked, id=2648, stack(0x00000069e0a00000,0x00000069e0b00000)]
  0x000002635a85d000 JavaThread "Cache worker for Build Output Cleanup Cache (C:\Users\VINICIUS\AndroidStudioProjects\BusinessCard\.gradle\buildOutputCleanup)" [_thread_blocked, id=4192, stack(0x00000069e0b00000,0x00000069e0c00000)]
  0x000002635a864800 JavaThread "Unconstrained build operations" [_thread_blocked, id=11092, stack(0x00000069e0f00000,0x00000069e1000000)]
  0x000002635a85f000 JavaThread "Unconstrained build operations Thread 2" [_thread_blocked, id=256, stack(0x00000069e1000000,0x00000069e1100000)]
  0x000002635a85f800 JavaThread "Unconstrained build operations Thread 3" [_thread_blocked, id=10304, stack(0x00000069e1100000,0x00000069e1200000)]
  0x000002635c62d000 JavaThread "Unconstrained build operations Thread 4" [_thread_blocked, id=4276, stack(0x00000069e1200000,0x00000069e1300000)]
  0x000002635c631000 JavaThread "Unconstrained build operations Thread 5" [_thread_blocked, id=8556, stack(0x00000069e1300000,0x00000069e1400000)]
  0x000002635c62e800 JavaThread "Unconstrained build operations Thread 6" [_thread_blocked, id=11952, stack(0x00000069e1400000,0x00000069e1500000)]
  0x000002635c62c000 JavaThread "Unconstrained build operations Thread 7" [_thread_blocked, id=3896, stack(0x00000069e1500000,0x00000069e1600000)]
  0x000002635c632800 JavaThread "Unconstrained build operations Thread 8" [_thread_blocked, id=8040, stack(0x00000069e1600000,0x00000069e1700000)]
  0x000002635c62d800 JavaThread "Unconstrained build operations Thread 9" [_thread_blocked, id=7120, stack(0x00000069e1700000,0x00000069e1800000)]
  0x000002635c633800 JavaThread "Unconstrained build operations Thread 10" [_thread_blocked, id=5716, stack(0x00000069e1800000,0x00000069e1900000)]
  0x000002635c62f800 JavaThread "Unconstrained build operations Thread 11" [_thread_blocked, id=12176, stack(0x00000069e1900000,0x00000069e1a00000)]
  0x000002635c635000 JavaThread "Unconstrained build operations Thread 12" [_thread_blocked, id=6788, stack(0x00000069e1a00000,0x00000069e1b00000)]
  0x000002635c638800 JavaThread "Unconstrained build operations Thread 13" [_thread_blocked, id=10764, stack(0x00000069e1b00000,0x00000069e1c00000)]
  0x000002635c636800 JavaThread "Unconstrained build operations Thread 14" [_thread_blocked, id=3948, stack(0x00000069e1c00000,0x00000069e1d00000)]
  0x000002635c634000 JavaThread "Unconstrained build operations Thread 15" [_thread_blocked, id=11384, stack(0x00000069e1d00000,0x00000069e1e00000)]
  0x000002635c636000 JavaThread "Unconstrained build operations Thread 16" [_thread_blocked, id=8604, stack(0x00000069e1e00000,0x00000069e1f00000)]
  0x000002635c637800 JavaThread "Unconstrained build operations Thread 17" [_thread_blocked, id=1716, stack(0x00000069e1f00000,0x00000069e2000000)]
  0x000002635c639000 JavaThread "Unconstrained build operations Thread 18" [_thread_blocked, id=2076, stack(0x00000069e2000000,0x00000069e2100000)]
  0x000002635c63a000 JavaThread "Unconstrained build operations Thread 19" [_thread_blocked, id=2284, stack(0x00000069e2100000,0x00000069e2200000)]
  0x000002635c301000 JavaThread "Unconstrained build operations Thread 20" [_thread_blocked, id=7364, stack(0x00000069e2200000,0x00000069e2300000)]
  0x000002635c305000 JavaThread "Unconstrained build operations Thread 21" [_thread_blocked, id=2504, stack(0x00000069e2300000,0x00000069e2400000)]
  0x000002635c306000 JavaThread "Unconstrained build operations Thread 22" [_thread_blocked, id=11820, stack(0x00000069e2400000,0x00000069e2500000)]
  0x000002635c300800 JavaThread "Unconstrained build operations Thread 23" [_thread_blocked, id=10788, stack(0x00000069e2500000,0x00000069e2600000)]
  0x000002635c309800 JavaThread "Unconstrained build operations Thread 24" [_thread_blocked, id=3344, stack(0x00000069e2600000,0x00000069e2700000)]
  0x000002635c30a000 JavaThread "Unconstrained build operations Thread 25" [_thread_blocked, id=8808, stack(0x00000069e2700000,0x00000069e2800000)]
  0x000002635c30d800 JavaThread "Unconstrained build operations Thread 26" [_thread_blocked, id=6628, stack(0x00000069e2800000,0x00000069e2900000)]
  0x000002635c307800 JavaThread "Unconstrained build operations Thread 27" [_thread_blocked, id=9904, stack(0x00000069e2900000,0x00000069e2a00000)]
  0x000002635c30b800 JavaThread "Unconstrained build operations Thread 28" [_thread_blocked, id=6564, stack(0x00000069e2a00000,0x00000069e2b00000)]
  0x000002635c308800 JavaThread "Unconstrained build operations Thread 29" [_thread_blocked, id=2016, stack(0x00000069e2b00000,0x00000069e2c00000)]
  0x000002635c30b000 JavaThread "Unconstrained build operations Thread 30" [_thread_blocked, id=7404, stack(0x00000069e2c00000,0x00000069e2d00000)]
  0x000002635c30c800 JavaThread "Unconstrained build operations Thread 31" [_thread_blocked, id=2180, stack(0x00000069e2d00000,0x00000069e2e00000)]
  0x000002635bc68000 JavaThread "Unconstrained build operations Thread 32" [_thread_blocked, id=2996, stack(0x00000069e2e00000,0x00000069e2f00000)]
  0x000002635bc6a800 JavaThread "Unconstrained build operations Thread 33" [_thread_blocked, id=11720, stack(0x00000069e2f00000,0x00000069e3000000)]
  0x000002635bc67800 JavaThread "Unconstrained build operations Thread 34" [_thread_blocked, id=1372, stack(0x00000069e3000000,0x00000069e3100000)]
  0x0000026364baf000 JavaThread "Unconstrained build operations Thread 35" [_thread_blocked, id=11436, stack(0x00000069e3100000,0x00000069e3200000)]
  0x0000026364bae800 JavaThread "Unconstrained build operations Thread 36" [_thread_blocked, id=8824, stack(0x00000069e3200000,0x00000069e3300000)]
  0x0000026364bb5800 JavaThread "Unconstrained build operations Thread 37" [_thread_blocked, id=200, stack(0x00000069e3300000,0x00000069e3400000)]
  0x0000026364bb0000 JavaThread "Unconstrained build operations Thread 38" [_thread_blocked, id=4072, stack(0x00000069e3400000,0x00000069e3500000)]
  0x0000026364bb3000 JavaThread "Unconstrained build operations Thread 39" [_thread_blocked, id=2672, stack(0x00000069e3500000,0x00000069e3600000)]
  0x0000026364bb2800 JavaThread "Unconstrained build operations Thread 40" [_thread_blocked, id=6020, stack(0x00000069e3600000,0x00000069e3700000)]
  0x0000026364bb0800 JavaThread "build event listener" [_thread_blocked, id=9656, stack(0x00000069e3700000,0x00000069e3800000)]
  0x0000026364bb4000 JavaThread "build event listener" [_thread_blocked, id=11360, stack(0x00000069e3800000,0x00000069e3900000)]
  0x0000026364bb1800 JavaThread "Execution worker for ':'" [_thread_blocked, id=2856, stack(0x00000069e3900000,0x00000069e3a00000)]
  0x0000026364bb8000 JavaThread "Execution worker for ':' Thread 2" [_thread_blocked, id=11612, stack(0x00000069e3a00000,0x00000069e3b00000)]
  0x0000026364bb6800 JavaThread "Execution worker for ':' Thread 3" [_thread_blocked, id=4912, stack(0x00000069e3b00000,0x00000069e3c00000)]
  0x0000026364bb7800 JavaThread "Cache worker for execution history cache (C:\Users\VINICIUS\AndroidStudioProjects\BusinessCard\.gradle\7.2\executionHistory)" [_thread_blocked, id=2440, stack(0x00000069e3c00000,0x00000069e3d00000)]
  0x0000026364bb9800 JavaThread "WorkerExecutor Queue" [_thread_in_native, id=3684, stack(0x00000069e3d00000,0x00000069e3e00000)]
  0x0000026364bb9000 JavaThread "C2 CompilerThread1" daemon [_thread_in_native, id=7888, stack(0x00000069e0c00000,0x00000069e0d00000)]
  0x0000026364bba800 JavaThread "WorkerExecutor Queue Thread 2" [_thread_in_native, id=12220, stack(0x00000069e3e00000,0x00000069e3f00000)]
  0x0000026364bbd000 JavaThread "WorkerExecutor Queue Thread 3" [_thread_in_native, id=11892, stack(0x00000069e3f00000,0x00000069e4000000)]
  0x000002635a85e000 JavaThread "WorkerExecutor Queue Thread 4" [_thread_in_native, id=12020, stack(0x00000069e4000000,0x00000069e4100000)]

Other Threads:
  0x0000026358d3a000 VMThread "VM Thread" [stack: 0x00000069de600000,0x00000069de700000] [id=4060]
  0x000002635984d800 WatcherThread [stack: 0x00000069df000000,0x00000069df100000] [id=8132]
  0x000002633ea35800 GCTaskThread "GC Thread#0" [stack: 0x00000069de100000,0x00000069de200000] [id=3272]
  0x0000026359f11000 GCTaskThread "GC Thread#1" [stack: 0x00000069df200000,0x00000069df300000] [id=4364]
  0x0000026359eec000 GCTaskThread "GC Thread#2" [stack: 0x00000069df300000,0x00000069df400000] [id=9604]
  0x000002635b26a800 GCTaskThread "GC Thread#3" [stack: 0x00000069df600000,0x00000069df700000] [id=10564]
  0x000002633ea66000 ConcurrentGCThread "G1 Main Marker" [stack: 0x00000069de200000,0x00000069de300000] [id=6196]
=>0x000002633ea68800 ConcurrentGCThread "G1 Conc#0" [stack: 0x00000069de300000,0x00000069de400000] [id=4300]
  0x000002633eaf6000 ConcurrentGCThread "G1 Refine#0" [stack: 0x00000069de400000,0x00000069de500000] [id=6272]
  0x000002635b0fc800 ConcurrentGCThread "G1 Refine#1" [stack: 0x00000069df700000,0x00000069df800000] [id=2780]
  0x000002633eaf7800 ConcurrentGCThread "G1 Young RemSet Sampling" [stack: 0x00000069de500000,0x00000069de600000] [id=2168]

Threads with active compile tasks:
C2 CompilerThread04257203 22384       4       com.android.aapt.Resources$CompoundValue::getSerializedSize (165 bytes)
C2 CompilerThread14257203 22377       4       com.android.aaptcompiler.XmlStringBuilder::append (394 bytes)

VM state:not at safepoint (normal execution)

VM Mutex/Monitor currently owned by a thread: None

Heap address: 0x0000000080000000, size: 2048 MB, Compressed Oops mode: 32-bit
Narrow klass base: 0x0000000000000000, Narrow klass shift: 3
Compressed class space size: 1073741824 Address: 0x0000000100000000

Heap:
 garbage-first heap   total 285696K, used 186523K [0x0000000080000000, 0x0000000100000000)
  region size 1024K, 20 young (20480K), 6 survivors (6144K)
 Metaspace       used 133277K, capacity 136377K, committed 137252K, reserved 1169408K
  class space    used 16311K, capacity 17470K, committed 17740K, reserved 1048576K
Heap Regions: E=young(eden), S=young(survivor), O=old, HS=humongous(starts), HC=humongous(continues), CS=collection set, F=free, A=archive, TAMS=top-at-mark-start (previous, next)
|   0|0x0000000080000000, 0x0000000080100000, 0x0000000080100000|100%| O|  |TAMS 0x0000000080100000, 0x0000000080100000| Untracked 
|   1|0x0000000080100000, 0x0000000080200000, 0x0000000080200000|100%| O|  |TAMS 0x0000000080200000, 0x0000000080200000| Untracked 
|   2|0x0000000080200000, 0x0000000080300000, 0x0000000080300000|100%| O|  |TAMS 0x0000000080300000, 0x0000000080300000| Untracked 
|   3|0x0000000080300000, 0x0000000080400000, 0x0000000080400000|100%|HS|  |TAMS 0x0000000080400000, 0x0000000080400000| Complete 
|   4|0x0000000080400000, 0x0000000080500000, 0x0000000080500000|100%|HC|  |TAMS 0x0000000080500000, 0x0000000080500000| Complete 
|   5|0x0000000080500000, 0x0000000080600000, 0x0000000080600000|100%|HC|  |TAMS 0x0000000080600000, 0x0000000080600000| Complete 
|   6|0x0000000080600000, 0x0000000080700000, 0x0000000080700000|100%| O|  |TAMS 0x0000000080700000, 0x0000000080700000| Untracked 
|   7|0x0000000080700000, 0x0000000080800000, 0x0000000080800000|100%| O|  |TAMS 0x0000000080800000, 0x0000000080800000| Untracked 
|   8|0x0000000080800000, 0x0000000080900000, 0x0000000080900000|100%| O|  |TAMS 0x0000000080900000, 0x0000000080900000| Untracked 
|   9|0x0000000080900000, 0x0000000080a00000, 0x0000000080a00000|100%| O|  |TAMS 0x0000000080a00000, 0x0000000080a00000| Untracked 
|  10|0x0000000080a00000, 0x0000000080b00000, 0x0000000080b00000|100%| O|  |TAMS 0x0000000080b00000, 0x0000000080b00000| Untracked 
|  11|0x0000000080b00000, 0x0000000080c00000, 0x0000000080c00000|100%| O|  |TAMS 0x0000000080c00000, 0x0000000080c00000| Untracked 
|  12|0x0000000080c00000, 0x0000000080d00000, 0x0000000080d00000|100%| O|  |TAMS 0x0000000080d00000, 0x0000000080d00000| Untracked 
|  13|0x0000000080d00000, 0x0000000080e00000, 0x0000000080e00000|100%| O|  |TAMS 0x0000000080e00000, 0x0000000080e00000| Untracked 
|  14|0x0000000080e00000, 0x0000000080f00000, 0x0000000080f00000|100%| O|  |TAMS 0x0000000080f00000, 0x0000000080f00000| Untracked 
|  15|0x0000000080f00000, 0x0000000081000000, 0x0000000081000000|100%|HS|  |TAMS 0x0000000081000000, 0x0000000081000000| Complete 
|  16|0x0000000081000000, 0x0000000081100000, 0x0000000081100000|100%|HC|  |TAMS 0x0000000081100000, 0x0000000081100000| Complete 
|  17|0x0000000081100000, 0x0000000081200000, 0x0000000081200000|100%|HS|  |TAMS 0x0000000081200000, 0x0000000081200000| Complete 
|  18|0x0000000081200000, 0x0000000081300000, 0x0000000081300000|100%|HC|  |TAMS 0x0000000081300000, 0x0000000081300000| Complete 
|  19|0x0000000081300000, 0x0000000081400000, 0x0000000081400000|100%|HC|  |TAMS 0x0000000081400000, 0x0000000081400000| Complete 
|  20|0x0000000081400000, 0x0000000081500000, 0x0000000081500000|100%|HS|  |TAMS 0x0000000081500000, 0x0000000081500000| Complete 
|  21|0x0000000081500000, 0x0000000081600000, 0x0000000081600000|100%|HC|  |TAMS 0x0000000081600000, 0x0000000081600000| Complete 
|  22|0x0000000081600000, 0x0000000081700000, 0x0000000081700000|100%|HC|  |TAMS 0x0000000081700000, 0x0000000081700000| Complete 
|  23|0x0000000081700000, 0x0000000081800000, 0x0000000081800000|100%|HC|  |TAMS 0x0000000081800000, 0x0000000081800000| Complete 
|  24|0x0000000081800000, 0x0000000081900000, 0x0000000081900000|100%| O|  |TAMS 0x0000000081900000, 0x0000000081900000| Untracked 
|  25|0x0000000081900000, 0x0000000081a00000, 0x0000000081a00000|100%| O|  |TAMS 0x0000000081a00000, 0x0000000081a00000| Untracked 
|  26|0x0000000081a00000, 0x0000000081b00000, 0x0000000081b00000|100%| O|  |TAMS 0x0000000081b00000, 0x0000000081b00000| Untracked 
|  27|0x0000000081b00000, 0x0000000081c00000, 0x0000000081c00000|100%| O|  |TAMS 0x0000000081c00000, 0x0000000081c00000| Untracked 
|  28|0x0000000081c00000, 0x0000000081d00000, 0x0000000081d00000|100%| O|  |TAMS 0x0000000081d00000, 0x0000000081d00000| Untracked 
|  29|0x0000000081d00000, 0x0000000081e00000, 0x0000000081e00000|100%| O|  |TAMS 0x0000000081e00000, 0x0000000081e00000| Untracked 
|  30|0x0000000081e00000, 0x0000000081f00000, 0x0000000081f00000|100%| O|  |TAMS 0x0000000081f00000, 0x0000000081f00000| Untracked 
|  31|0x0000000081f00000, 0x0000000082000000, 0x0000000082000000|100%| O|  |TAMS 0x0000000082000000, 0x0000000082000000| Untracked 
|  32|0x0000000082000000, 0x0000000082100000, 0x0000000082100000|100%| O|  |TAMS 0x0000000082100000, 0x0000000082100000| Untracked 
|  33|0x0000000082100000, 0x0000000082200000, 0x0000000082200000|100%| O|  |TAMS 0x0000000082200000, 0x0000000082200000| Untracked 
|  34|0x0000000082200000, 0x0000000082300000, 0x0000000082300000|100%| O|  |TAMS 0x0000000082300000, 0x0000000082300000| Untracked 
|  35|0x0000000082300000, 0x0000000082400000, 0x0000000082400000|100%| O|  |TAMS 0x0000000082400000, 0x0000000082400000| Untracked 
|  36|0x0000000082400000, 0x0000000082500000, 0x0000000082500000|100%| O|  |TAMS 0x0000000082500000, 0x0000000082500000| Untracked 
|  37|0x0000000082500000, 0x0000000082600000, 0x0000000082600000|100%| O|  |TAMS 0x0000000082600000, 0x0000000082600000| Untracked 
|  38|0x0000000082600000, 0x0000000082700000, 0x0000000082700000|100%|HS|  |TAMS 0x0000000082700000, 0x0000000082700000| Complete 
|  39|0x0000000082700000, 0x0000000082800000, 0x0000000082800000|100%|HC|  |TAMS 0x0000000082800000, 0x0000000082800000| Complete 
|  40|0x0000000082800000, 0x0000000082900000, 0x0000000082900000|100%|HC|  |TAMS 0x0000000082900000, 0x0000000082900000| Complete 
|  41|0x0000000082900000, 0x0000000082a00000, 0x0000000082a00000|100%| O|  |TAMS 0x0000000082a00000, 0x0000000082a00000| Untracked 
|  42|0x0000000082a00000, 0x0000000082b00000, 0x0000000082b00000|100%|HS|  |TAMS 0x0000000082b00000, 0x0000000082b00000| Complete 
|  43|0x0000000082b00000, 0x0000000082c00000, 0x0000000082c00000|100%|HC|  |TAMS 0x0000000082c00000, 0x0000000082c00000| Complete 
|  44|0x0000000082c00000, 0x0000000082d00000, 0x0000000082d00000|100%|HC|  |TAMS 0x0000000082d00000, 0x0000000082d00000| Complete 
|  45|0x0000000082d00000, 0x0000000082e00000, 0x0000000082e00000|100%|HC|  |TAMS 0x0000000082e00000, 0x0000000082e00000| Complete 
|  46|0x0000000082e00000, 0x0000000082f00000, 0x0000000082f00000|100%| O|  |TAMS 0x0000000082f00000, 0x0000000082f00000| Untracked 
|  47|0x0000000082f00000, 0x0000000083000000, 0x0000000083000000|100%| O|  |TAMS 0x0000000083000000, 0x0000000083000000| Untracked 
|  48|0x0000000083000000, 0x0000000083100000, 0x0000000083100000|100%| O|  |TAMS 0x0000000083100000, 0x0000000083100000| Untracked 
|  49|0x0000000083100000, 0x0000000083200000, 0x0000000083200000|100%| O|  |TAMS 0x0000000083200000, 0x0000000083200000| Untracked 
|  50|0x0000000083200000, 0x0000000083300000, 0x0000000083300000|100%| O|  |TAMS 0x0000000083300000, 0x0000000083300000| Untracked 
|  51|0x0000000083300000, 0x0000000083400000, 0x0000000083400000|100%| O|  |TAMS 0x0000000083400000, 0x0000000083400000| Untracked 
|  52|0x0000000083400000, 0x0000000083500000, 0x0000000083500000|100%|HS|  |TAMS 0x0000000083500000, 0x0000000083500000| Complete 
|  53|0x0000000083500000, 0x0000000083600000, 0x0000000083600000|100%|HS|  |TAMS 0x0000000083600000, 0x0000000083600000| Complete 
|  54|0x0000000083600000, 0x0000000083700000, 0x0000000083700000|100%|HS|  |TAMS 0x0000000083700000, 0x0000000083700000| Complete 
|  55|0x0000000083700000, 0x0000000083800000, 0x0000000083800000|100%|HS|  |TAMS 0x0000000083800000, 0x0000000083800000| Complete 
|  56|0x0000000083800000, 0x0000000083900000, 0x0000000083900000|100%|HS|  |TAMS 0x0000000083900000, 0x0000000083900000| Complete 
|  57|0x0000000083900000, 0x0000000083a00000, 0x0000000083a00000|100%|HC|  |TAMS 0x0000000083a00000, 0x0000000083a00000| Complete 
|  58|0x0000000083a00000, 0x0000000083b00000, 0x0000000083b00000|100%|HC|  |TAMS 0x0000000083b00000, 0x0000000083b00000| Complete 
|  59|0x0000000083b00000, 0x0000000083c00000, 0x0000000083c00000|100%|HS|  |TAMS 0x0000000083c00000, 0x0000000083c00000| Complete 
|  60|0x0000000083c00000, 0x0000000083d00000, 0x0000000083d00000|100%|HC|  |TAMS 0x0000000083d00000, 0x0000000083d00000| Complete 
|  61|0x0000000083d00000, 0x0000000083e00000, 0x0000000083e00000|100%| O|  |TAMS 0x0000000083e00000, 0x0000000083e00000| Untracked 
|  62|0x0000000083e00000, 0x0000000083f00000, 0x0000000083f00000|100%| O|  |TAMS 0x0000000083f00000, 0x0000000083f00000| Untracked 
|  63|0x0000000083f00000, 0x0000000084000000, 0x0000000084000000|100%| O|  |TAMS 0x0000000084000000, 0x0000000084000000| Untracked 
|  64|0x0000000084000000, 0x0000000084100000, 0x0000000084100000|100%| O|  |TAMS 0x0000000084100000, 0x0000000084100000| Untracked 
|  65|0x0000000084100000, 0x0000000084200000, 0x0000000084200000|100%| O|  |TAMS 0x0000000084200000, 0x0000000084200000| Untracked 
|  66|0x0000000084200000, 0x0000000084300000, 0x0000000084300000|100%| O|  |TAMS 0x0000000084300000, 0x0000000084300000| Untracked 
|  67|0x0000000084300000, 0x0000000084400000, 0x0000000084400000|100%| O|  |TAMS 0x0000000084400000, 0x0000000084400000| Untracked 
|  68|0x0000000084400000, 0x0000000084500000, 0x0000000084500000|100%| O|  |TAMS 0x0000000084500000, 0x0000000084500000| Untracked 
|  69|0x0000000084500000, 0x0000000084600000, 0x0000000084600000|100%| O|  |TAMS 0x0000000084600000, 0x0000000084600000| Untracked 
|  70|0x0000000084600000, 0x0000000084700000, 0x0000000084700000|100%| O|  |TAMS 0x0000000084700000, 0x0000000084700000| Untracked 
|  71|0x0000000084700000, 0x0000000084800000, 0x0000000084800000|100%| O|  |TAMS 0x0000000084800000, 0x0000000084800000| Untracked 
|  72|0x0000000084800000, 0x0000000084900000, 0x0000000084900000|100%| O|  |TAMS 0x0000000084900000, 0x0000000084900000| Untracked 
|  73|0x0000000084900000, 0x0000000084a00000, 0x0000000084a00000|100%| O|  |TAMS 0x0000000084a00000, 0x0000000084a00000| Untracked 
|  74|0x0000000084a00000, 0x0000000084b00000, 0x0000000084b00000|100%| O|  |TAMS 0x0000000084b00000, 0x0000000084b00000| Untracked 
|  75|0x0000000084b00000, 0x0000000084c00000, 0x0000000084c00000|100%| O|  |TAMS 0x0000000084c00000, 0x0000000084c00000| Untracked 
|  76|0x0000000084c00000, 0x0000000084d00000, 0x0000000084d00000|100%| O|  |TAMS 0x0000000084d00000, 0x0000000084d00000| Untracked 
|  77|0x0000000084d00000, 0x0000000084e00000, 0x0000000084e00000|100%| O|  |TAMS 0x0000000084e00000, 0x0000000084e00000| Untracked 
|  78|0x0000000084e00000, 0x0000000084f00000, 0x0000000084f00000|100%| O|  |TAMS 0x0000000084f00000, 0x0000000084f00000| Untracked 
|  79|0x0000000084f00000, 0x0000000085000000, 0x0000000085000000|100%| O|  |TAMS 0x0000000085000000, 0x0000000085000000| Untracked 
|  80|0x0000000085000000, 0x0000000085100000, 0x0000000085100000|100%| O|  |TAMS 0x0000000085100000, 0x0000000085100000| Untracked 
|  81|0x0000000085100000, 0x0000000085200000, 0x0000000085200000|100%| O|  |TAMS 0x0000000085200000, 0x0000000085200000| Untracked 
|  82|0x0000000085200000, 0x0000000085300000, 0x0000000085300000|100%| O|  |TAMS 0x0000000085300000, 0x0000000085300000| Untracked 
|  83|0x0000000085300000, 0x0000000085400000, 0x0000000085400000|100%| O|  |TAMS 0x0000000085400000, 0x0000000085400000| Untracked 
|  84|0x0000000085400000, 0x0000000085500000, 0x0000000085500000|100%| O|  |TAMS 0x0000000085500000, 0x0000000085500000| Untracked 
|  85|0x0000000085500000, 0x0000000085600000, 0x0000000085600000|100%| O|  |TAMS 0x0000000085600000, 0x0000000085600000| Untracked 
|  86|0x0000000085600000, 0x0000000085700000, 0x0000000085700000|100%| O|  |TAMS 0x0000000085700000, 0x0000000085700000| Untracked 
|  87|0x0000000085700000, 0x0000000085800000, 0x0000000085800000|100%| O|  |TAMS 0x0000000085800000, 0x0000000085800000| Untracked 
|  88|0x0000000085800000, 0x0000000085900000, 0x0000000085900000|100%| O|  |TAMS 0x0000000085900000, 0x0000000085900000| Untracked 
|  89|0x0000000085900000, 0x0000000085a00000, 0x0000000085a00000|100%| O|  |TAMS 0x0000000085a00000, 0x0000000085a00000| Untracked 
|  90|0x0000000085a00000, 0x0000000085b00000, 0x0000000085b00000|100%|HS|  |TAMS 0x0000000085b00000, 0x0000000085b00000| Complete 
|  91|0x0000000085b00000, 0x0000000085c00000, 0x0000000085c00000|100%|HC|  |TAMS 0x0000000085c00000, 0x0000000085c00000| Complete 
|  92|0x0000000085c00000, 0x0000000085d00000, 0x0000000085d00000|100%|HS|  |TAMS 0x0000000085d00000, 0x0000000085d00000| Complete 
|  93|0x0000000085d00000, 0x0000000085e00000, 0x0000000085e00000|100%|HC|  |TAMS 0x0000000085e00000, 0x0000000085e00000| Complete 
|  94|0x0000000085e00000, 0x0000000085f00000, 0x0000000085f00000|100%|HC|  |TAMS 0x0000000085f00000, 0x0000000085f00000| Complete 
|  95|0x0000000085f00000, 0x0000000086000000, 0x0000000086000000|100%|HS|  |TAMS 0x0000000086000000, 0x0000000086000000| Complete 
|  96|0x0000000086000000, 0x0000000086100000, 0x0000000086100000|100%|HC|  |TAMS 0x0000000086100000, 0x0000000086100000| Complete 
|  97|0x0000000086100000, 0x0000000086200000, 0x0000000086200000|100%|HC|  |TAMS 0x0000000086200000, 0x0000000086200000| Complete 
|  98|0x0000000086200000, 0x0000000086300000, 0x0000000086300000|100%|HC|  |TAMS 0x0000000086300000, 0x0000000086300000| Complete 
|  99|0x0000000086300000, 0x0000000086400000, 0x0000000086400000|100%| O|  |TAMS 0x0000000086400000, 0x0000000086400000| Untracked 
| 100|0x0000000086400000, 0x0000000086500000, 0x0000000086500000|100%| O|  |TAMS 0x0000000086500000, 0x0000000086500000| Untracked 
| 101|0x0000000086500000, 0x0000000086600000, 0x0000000086600000|100%| O|  |TAMS 0x0000000086600000, 0x0000000086600000| Untracked 
| 102|0x0000000086600000, 0x0000000086700000, 0x0000000086700000|100%| O|  |TAMS 0x0000000086700000, 0x0000000086700000| Untracked 
| 103|0x0000000086700000, 0x0000000086800000, 0x0000000086800000|100%| O|  |TAMS 0x0000000086800000, 0x0000000086800000| Untracked 
| 104|0x0000000086800000, 0x0000000086900000, 0x0000000086900000|100%| O|  |TAMS 0x0000000086900000, 0x0000000086900000| Untracked 
| 105|0x0000000086900000, 0x0000000086a00000, 0x0000000086a00000|100%| O|  |TAMS 0x0000000086a00000, 0x0000000086a00000| Untracked 
| 106|0x0000000086a00000, 0x0000000086b00000, 0x0000000086b00000|100%| O|  |TAMS 0x0000000086b00000, 0x0000000086b00000| Untracked 
| 107|0x0000000086b00000, 0x0000000086c00000, 0x0000000086c00000|100%| O|  |TAMS 0x0000000086c00000, 0x0000000086c00000| Untracked 
| 108|0x0000000086c00000, 0x0000000086d00000, 0x0000000086d00000|100%| O|  |TAMS 0x0000000086d00000, 0x0000000086d00000| Untracked 
| 109|0x0000000086d00000, 0x0000000086e00000, 0x0000000086e00000|100%| O|  |TAMS 0x0000000086e00000, 0x0000000086e00000| Untracked 
| 110|0x0000000086e00000, 0x0000000086f00000, 0x0000000086f00000|100%| O|  |TAMS 0x0000000086f00000, 0x0000000086f00000| Untracked 
| 111|0x0000000086f00000, 0x0000000087000000, 0x0000000087000000|100%| O|  |TAMS 0x0000000087000000, 0x0000000087000000| Untracked 
| 112|0x0000000087000000, 0x0000000087100000, 0x0000000087100000|100%| O|  |TAMS 0x0000000087100000, 0x0000000087100000| Untracked 
| 113|0x0000000087100000, 0x0000000087200000, 0x0000000087200000|100%| O|  |TAMS 0x0000000087200000, 0x0000000087200000| Untracked 
| 114|0x0000000087200000, 0x0000000087300000, 0x0000000087300000|100%| O|  |TAMS 0x0000000087300000, 0x0000000087300000| Untracked 
| 115|0x0000000087300000, 0x0000000087400000, 0x0000000087400000|100%| O|  |TAMS 0x0000000087400000, 0x0000000087400000| Untracked 
| 116|0x0000000087400000, 0x0000000087500000, 0x0000000087500000|100%| O|  |TAMS 0x0000000087500000, 0x0000000087500000| Untracked 
| 117|0x0000000087500000, 0x0000000087600000, 0x0000000087600000|100%| O|  |TAMS 0x0000000087600000, 0x0000000087600000| Untracked 
| 118|0x0000000087600000, 0x0000000087700000, 0x0000000087700000|100%| O|  |TAMS 0x0000000087700000, 0x0000000087700000| Untracked 
| 119|0x0000000087700000, 0x0000000087800000, 0x0000000087800000|100%| O|  |TAMS 0x0000000087800000, 0x0000000087800000| Untracked 
| 120|0x0000000087800000, 0x0000000087900000, 0x0000000087900000|100%| O|  |TAMS 0x0000000087900000, 0x0000000087900000| Untracked 
| 121|0x0000000087900000, 0x0000000087a00000, 0x0000000087a00000|100%| O|  |TAMS 0x0000000087a00000, 0x0000000087a00000| Untracked 
| 122|0x0000000087a00000, 0x0000000087b00000, 0x0000000087b00000|100%| O|  |TAMS 0x0000000087b00000, 0x0000000087b00000| Untracked 
| 123|0x0000000087b00000, 0x0000000087c00000, 0x0000000087c00000|100%| O|  |TAMS 0x0000000087b9d600, 0x0000000087c00000| Untracked 
| 124|0x0000000087c00000, 0x0000000087d00000, 0x0000000087d00000|100%| O|  |TAMS 0x0000000087d00000, 0x0000000087d00000| Untracked 
| 125|0x0000000087d00000, 0x0000000087e00000, 0x0000000087e00000|100%| O|  |TAMS 0x0000000087e00000, 0x0000000087e00000| Untracked 
| 126|0x0000000087e00000, 0x0000000087f00000, 0x0000000087f00000|100%| O|  |TAMS 0x0000000087f00000, 0x0000000087f00000| Untracked 
| 127|0x0000000087f00000, 0x0000000088000000, 0x0000000088000000|100%| O|  |TAMS 0x0000000088000000, 0x0000000088000000| Untracked 
| 128|0x0000000088000000, 0x0000000088100000, 0x0000000088100000|100%| O|  |TAMS 0x0000000088100000, 0x0000000088100000| Untracked 
| 129|0x0000000088100000, 0x0000000088200000, 0x0000000088200000|100%| O|  |TAMS 0x0000000088200000, 0x0000000088200000| Untracked 
| 130|0x0000000088200000, 0x0000000088300000, 0x0000000088300000|100%| O|  |TAMS 0x0000000088300000, 0x0000000088300000| Untracked 
| 131|0x0000000088300000, 0x0000000088400000, 0x0000000088400000|100%|HS|  |TAMS 0x0000000088400000, 0x0000000088400000| Complete 
| 132|0x0000000088400000, 0x0000000088500000, 0x0000000088500000|100%| O|  |TAMS 0x0000000088500000, 0x0000000088500000| Untracked 
| 133|0x0000000088500000, 0x0000000088600000, 0x0000000088600000|100%| O|  |TAMS 0x0000000088600000, 0x0000000088600000| Untracked 
| 134|0x0000000088600000, 0x0000000088700000, 0x0000000088700000|100%| O|  |TAMS 0x0000000088700000, 0x0000000088700000| Untracked 
| 135|0x0000000088700000, 0x0000000088800000, 0x0000000088800000|100%| O|  |TAMS 0x0000000088800000, 0x0000000088800000| Untracked 
| 136|0x0000000088800000, 0x0000000088900000, 0x0000000088900000|100%| O|  |TAMS 0x0000000088900000, 0x0000000088900000| Untracked 
| 137|0x0000000088900000, 0x0000000088a00000, 0x0000000088a00000|100%| O|  |TAMS 0x0000000088a00000, 0x0000000088a00000| Untracked 
| 138|0x0000000088a00000, 0x0000000088b00000, 0x0000000088b00000|100%| O|  |TAMS 0x0000000088b00000, 0x0000000088b00000| Untracked 
| 139|0x0000000088b00000, 0x0000000088c00000, 0x0000000088c00000|100%| O|  |TAMS 0x0000000088c00000, 0x0000000088c00000| Untracked 
| 140|0x0000000088c00000, 0x0000000088d00000, 0x0000000088d00000|100%| O|  |TAMS 0x0000000088d00000, 0x0000000088d00000| Untracked 
| 141|0x0000000088d00000, 0x0000000088e00000, 0x0000000088e00000|100%| O|  |TAMS 0x0000000088e00000, 0x0000000088e00000| Untracked 
| 142|0x0000000088e00000, 0x0000000088f00000, 0x0000000088f00000|100%| O|  |TAMS 0x0000000088f00000, 0x0000000088f00000| Untracked 
| 143|0x0000000088f00000, 0x0000000089000000, 0x0000000089000000|100%| O|  |TAMS 0x0000000089000000, 0x0000000089000000| Untracked 
| 144|0x0000000089000000, 0x0000000089100000, 0x0000000089100000|100%| O|  |TAMS 0x0000000089100000, 0x0000000089100000| Untracked 
| 145|0x0000000089100000, 0x0000000089200000, 0x0000000089200000|100%| O|  |TAMS 0x0000000089200000, 0x0000000089200000| Untracked 
| 146|0x0000000089200000, 0x0000000089300000, 0x0000000089300000|100%| O|  |TAMS 0x0000000089300000, 0x0000000089300000| Untracked 
| 147|0x0000000089300000, 0x0000000089400000, 0x0000000089400000|100%| O|  |TAMS 0x0000000089300000, 0x0000000089400000| Untracked 
| 148|0x0000000089400000, 0x0000000089500000, 0x0000000089500000|100%| O|  |TAMS 0x0000000089500000, 0x0000000089500000| Untracked 
| 149|0x0000000089500000, 0x0000000089600000, 0x0000000089600000|100%| O|  |TAMS 0x0000000089600000, 0x0000000089600000| Untracked 
| 150|0x0000000089600000, 0x0000000089700000, 0x0000000089700000|100%| O|  |TAMS 0x0000000089600000, 0x0000000089700000| Untracked 
| 151|0x0000000089700000, 0x0000000089800000, 0x0000000089800000|100%| O|  |TAMS 0x0000000089800000, 0x0000000089800000| Untracked 
| 152|0x0000000089800000, 0x0000000089900000, 0x0000000089900000|100%| O|  |TAMS 0x0000000089900000, 0x0000000089900000| Untracked 
| 153|0x0000000089900000, 0x0000000089a00000, 0x0000000089a00000|100%| O|  |TAMS 0x0000000089900000, 0x0000000089a00000| Untracked 
| 154|0x0000000089a00000, 0x0000000089b00000, 0x0000000089b00000|100%| O|  |TAMS 0x0000000089a00000, 0x0000000089b00000| Untracked 
| 155|0x0000000089b00000, 0x0000000089b26e00, 0x0000000089c00000| 15%| O|  |TAMS 0x0000000089b00000, 0x0000000089b26e00| Untracked 
| 156|0x0000000089c00000, 0x0000000089c00000, 0x0000000089d00000|  0%| F|  |TAMS 0x0000000089c00000, 0x0000000089c00000| Untracked 
| 157|0x0000000089d00000, 0x0000000089d00000, 0x0000000089e00000|  0%| F|  |TAMS 0x0000000089d00000, 0x0000000089d00000| Untracked 
| 158|0x0000000089e00000, 0x0000000089e00000, 0x0000000089f00000|  0%| F|  |TAMS 0x0000000089e00000, 0x0000000089e00000| Untracked 
| 159|0x0000000089f00000, 0x000000008a000000, 0x000000008a000000|100%| O|  |TAMS 0x0000000089f00000, 0x000000008a000000| Untracked 
| 160|0x000000008a000000, 0x000000008a100000, 0x000000008a100000|100%| O|  |TAMS 0x000000008a100000, 0x000000008a100000| Untracked 
| 161|0x000000008a100000, 0x000000008a200000, 0x000000008a200000|100%| O|  |TAMS 0x000000008a200000, 0x000000008a200000| Untracked 
| 162|0x000000008a200000, 0x000000008a300000, 0x000000008a300000|100%| O|  |TAMS 0x000000008a300000, 0x000000008a300000| Untracked 
| 163|0x000000008a300000, 0x000000008a400000, 0x000000008a400000|100%| O|  |TAMS 0x000000008a400000, 0x000000008a400000| Untracked 
| 164|0x000000008a400000, 0x000000008a500000, 0x000000008a500000|100%| O|  |TAMS 0x000000008a500000, 0x000000008a500000| Untracked 
| 165|0x000000008a500000, 0x000000008a500000, 0x000000008a600000|  0%| F|  |TAMS 0x000000008a500000, 0x000000008a500000| Untracked 
| 166|0x000000008a600000, 0x000000008a600000, 0x000000008a700000|  0%| F|  |TAMS 0x000000008a600000, 0x000000008a600000| Untracked 
| 167|0x000000008a700000, 0x000000008a700000, 0x000000008a800000|  0%| F|  |TAMS 0x000000008a700000, 0x000000008a700000| Untracked 
| 168|0x000000008a800000, 0x000000008a800000, 0x000000008a900000|  0%| F|  |TAMS 0x000000008a800000, 0x000000008a800000| Untracked 
| 169|0x000000008a900000, 0x000000008a900000, 0x000000008aa00000|  0%| F|  |TAMS 0x000000008a900000, 0x000000008a900000| Untracked 
| 170|0x000000008aa00000, 0x000000008aa00000, 0x000000008ab00000|  0%| F|  |TAMS 0x000000008aa00000, 0x000000008aa00000| Untracked 
| 171|0x000000008ab00000, 0x000000008ab00000, 0x000000008ac00000|  0%| F|  |TAMS 0x000000008ab00000, 0x000000008ab00000| Untracked 
| 172|0x000000008ac00000, 0x000000008ac00000, 0x000000008ad00000|  0%| F|  |TAMS 0x000000008ac00000, 0x000000008ac00000| Untracked 
| 173|0x000000008ad00000, 0x000000008ae00000, 0x000000008ae00000|100%| O|  |TAMS 0x000000008ad00000, 0x000000008ae00000| Untracked 
| 174|0x000000008ae00000, 0x000000008af00000, 0x000000008af00000|100%| O|  |TAMS 0x000000008ae00000, 0x000000008af00000| Untracked 
| 175|0x000000008af00000, 0x000000008af00000, 0x000000008b000000|  0%| F|  |TAMS 0x000000008af00000, 0x000000008af00000| Untracked 
| 176|0x000000008b000000, 0x000000008b000000, 0x000000008b100000|  0%| F|  |TAMS 0x000000008b000000, 0x000000008b000000| Untracked 
| 177|0x000000008b100000, 0x000000008b100000, 0x000000008b200000|  0%| F|  |TAMS 0x000000008b100000, 0x000000008b100000| Untracked 
| 178|0x000000008b200000, 0x000000008b200000, 0x000000008b300000|  0%| F|  |TAMS 0x000000008b200000, 0x000000008b200000| Untracked 
| 179|0x000000008b300000, 0x000000008b300000, 0x000000008b400000|  0%| F|  |TAMS 0x000000008b300000, 0x000000008b300000| Untracked 
| 180|0x000000008b400000, 0x000000008b400000, 0x000000008b500000|  0%| F|  |TAMS 0x000000008b400000, 0x000000008b400000| Untracked 
| 181|0x000000008b500000, 0x000000008b500000, 0x000000008b600000|  0%| F|  |TAMS 0x000000008b500000, 0x000000008b500000| Untracked 
| 182|0x000000008b600000, 0x000000008b600000, 0x000000008b700000|  0%| F|  |TAMS 0x000000008b600000, 0x000000008b600000| Untracked 
| 183|0x000000008b700000, 0x000000008b700000, 0x000000008b800000|  0%| F|  |TAMS 0x000000008b700000, 0x000000008b700000| Untracked 
| 184|0x000000008b800000, 0x000000008b800000, 0x000000008b900000|  0%| F|  |TAMS 0x000000008b800000, 0x000000008b800000| Untracked 
| 185|0x000000008b900000, 0x000000008b900000, 0x000000008ba00000|  0%| F|  |TAMS 0x000000008b900000, 0x000000008b900000| Untracked 
| 186|0x000000008ba00000, 0x000000008ba00000, 0x000000008bb00000|  0%| F|  |TAMS 0x000000008ba00000, 0x000000008ba00000| Untracked 
| 187|0x000000008bb00000, 0x000000008bb00000, 0x000000008bc00000|  0%| F|  |TAMS 0x000000008bb00000, 0x000000008bb00000| Untracked 
| 188|0x000000008bc00000, 0x000000008bc00000, 0x000000008bd00000|  0%| F|  |TAMS 0x000000008bc00000, 0x000000008bc00000| Untracked 
| 189|0x000000008bd00000, 0x000000008bd00000, 0x000000008be00000|  0%| F|  |TAMS 0x000000008bd00000, 0x000000008bd00000| Untracked 
| 190|0x000000008be00000, 0x000000008be00000, 0x000000008bf00000|  0%| F|  |TAMS 0x000000008be00000, 0x000000008be00000| Untracked 
| 191|0x000000008bf00000, 0x000000008bf00000, 0x000000008c000000|  0%| F|  |TAMS 0x000000008bf00000, 0x000000008bf00000| Untracked 
| 192|0x000000008c000000, 0x000000008c000000, 0x000000008c100000|  0%| F|  |TAMS 0x000000008c000000, 0x000000008c000000| Untracked 
| 193|0x000000008c100000, 0x000000008c100000, 0x000000008c200000|  0%| F|  |TAMS 0x000000008c100000, 0x000000008c100000| Untracked 
| 194|0x000000008c200000, 0x000000008c200000, 0x000000008c300000|  0%| F|  |TAMS 0x000000008c200000, 0x000000008c200000| Untracked 
| 195|0x000000008c300000, 0x000000008c300000, 0x000000008c400000|  0%| F|  |TAMS 0x000000008c300000, 0x000000008c300000| Untracked 
| 196|0x000000008c400000, 0x000000008c400000, 0x000000008c500000|  0%| F|  |TAMS 0x000000008c400000, 0x000000008c400000| Untracked 
| 197|0x000000008c500000, 0x000000008c500000, 0x000000008c600000|  0%| F|  |TAMS 0x000000008c500000, 0x000000008c500000| Untracked 
| 198|0x000000008c600000, 0x000000008c600000, 0x000000008c700000|  0%| F|  |TAMS 0x000000008c600000, 0x000000008c600000| Untracked 
| 199|0x000000008c700000, 0x000000008c700000, 0x000000008c800000|  0%| F|  |TAMS 0x000000008c700000, 0x000000008c700000| Untracked 
| 200|0x000000008c800000, 0x000000008c800000, 0x000000008c900000|  0%| F|  |TAMS 0x000000008c800000, 0x000000008c800000| Untracked 
| 201|0x000000008c900000, 0x000000008c900000, 0x000000008ca00000|  0%| F|  |TAMS 0x000000008c900000, 0x000000008c900000| Untracked 
| 202|0x000000008ca00000, 0x000000008ca00000, 0x000000008cb00000|  0%| F|  |TAMS 0x000000008ca00000, 0x000000008ca00000| Untracked 
| 203|0x000000008cb00000, 0x000000008cb00000, 0x000000008cc00000|  0%| F|  |TAMS 0x000000008cb00000, 0x000000008cb00000| Untracked 
| 204|0x000000008cc00000, 0x000000008cc00000, 0x000000008cd00000|  0%| F|  |TAMS 0x000000008cc00000, 0x000000008cc00000| Untracked 
| 205|0x000000008cd00000, 0x000000008cd00000, 0x000000008ce00000|  0%| F|  |TAMS 0x000000008cd00000, 0x000000008cd00000| Untracked 
| 206|0x000000008ce00000, 0x000000008ce00000, 0x000000008cf00000|  0%| F|  |TAMS 0x000000008ce00000, 0x000000008ce00000| Untracked 
| 207|0x000000008cf00000, 0x000000008cf00000, 0x000000008d000000|  0%| F|  |TAMS 0x000000008cf00000, 0x000000008cf00000| Untracked 
| 208|0x000000008d000000, 0x000000008d000000, 0x000000008d100000|  0%| F|  |TAMS 0x000000008d000000, 0x000000008d000000| Untracked 
| 209|0x000000008d100000, 0x000000008d100000, 0x000000008d200000|  0%| F|  |TAMS 0x000000008d100000, 0x000000008d100000| Untracked 
| 210|0x000000008d200000, 0x000000008d200000, 0x000000008d300000|  0%| F|  |TAMS 0x000000008d200000, 0x000000008d200000| Untracked 
| 211|0x000000008d300000, 0x000000008d300000, 0x000000008d400000|  0%| F|  |TAMS 0x000000008d300000, 0x000000008d300000| Untracked 
| 212|0x000000008d400000, 0x000000008d400000, 0x000000008d500000|  0%| F|  |TAMS 0x000000008d400000, 0x000000008d400000| Untracked 
| 213|0x000000008d500000, 0x000000008d500000, 0x000000008d600000|  0%| F|  |TAMS 0x000000008d500000, 0x000000008d500000| Untracked 
| 214|0x000000008d600000, 0x000000008d600000, 0x000000008d700000|  0%| F|  |TAMS 0x000000008d600000, 0x000000008d600000| Untracked 
| 215|0x000000008d700000, 0x000000008d700000, 0x000000008d800000|  0%| F|  |TAMS 0x000000008d700000, 0x000000008d700000| Untracked 
| 216|0x000000008d800000, 0x000000008d800000, 0x000000008d900000|  0%| F|  |TAMS 0x000000008d800000, 0x000000008d800000| Untracked 
| 217|0x000000008d900000, 0x000000008d900000, 0x000000008da00000|  0%| F|  |TAMS 0x000000008d900000, 0x000000008d900000| Untracked 
| 218|0x000000008da00000, 0x000000008da00000, 0x000000008db00000|  0%| F|  |TAMS 0x000000008da00000, 0x000000008da00000| Untracked 
| 219|0x000000008db00000, 0x000000008db00000, 0x000000008dc00000|  0%| F|  |TAMS 0x000000008db00000, 0x000000008db00000| Untracked 
| 220|0x000000008dc00000, 0x000000008dc00000, 0x000000008dd00000|  0%| F|  |TAMS 0x000000008dc00000, 0x000000008dc00000| Untracked 
| 221|0x000000008dd00000, 0x000000008dd00000, 0x000000008de00000|  0%| F|  |TAMS 0x000000008dd00000, 0x000000008dd00000| Untracked 
| 222|0x000000008de00000, 0x000000008de00000, 0x000000008df00000|  0%| F|  |TAMS 0x000000008de00000, 0x000000008de00000| Untracked 
| 223|0x000000008df00000, 0x000000008df00000, 0x000000008e000000|  0%| F|  |TAMS 0x000000008df00000, 0x000000008df00000| Untracked 
| 224|0x000000008e000000, 0x000000008e000000, 0x000000008e100000|  0%| F|  |TAMS 0x000000008e000000, 0x000000008e000000| Untracked 
| 225|0x000000008e100000, 0x000000008e100000, 0x000000008e200000|  0%| F|  |TAMS 0x000000008e100000, 0x000000008e100000| Untracked 
| 226|0x000000008e200000, 0x000000008e200000, 0x000000008e300000|  0%| F|  |TAMS 0x000000008e200000, 0x000000008e200000| Untracked 
| 227|0x000000008e300000, 0x000000008e300000, 0x000000008e400000|  0%| F|  |TAMS 0x000000008e300000, 0x000000008e300000| Untracked 
| 228|0x000000008e400000, 0x000000008e400000, 0x000000008e500000|  0%| F|  |TAMS 0x000000008e400000, 0x000000008e400000| Untracked 
| 229|0x000000008e500000, 0x000000008e500000, 0x000000008e600000|  0%| F|  |TAMS 0x000000008e500000, 0x000000008e500000| Untracked 
| 230|0x000000008e600000, 0x000000008e600000, 0x000000008e700000|  0%| F|  |TAMS 0x000000008e600000, 0x000000008e600000| Untracked 
| 231|0x000000008e700000, 0x000000008e700000, 0x000000008e800000|  0%| F|  |TAMS 0x000000008e700000, 0x000000008e700000| Untracked 
| 232|0x000000008e800000, 0x000000008e800000, 0x000000008e900000|  0%| F|  |TAMS 0x000000008e800000, 0x000000008e800000| Untracked 
| 233|0x000000008e900000, 0x000000008e900000, 0x000000008ea00000|  0%| F|  |TAMS 0x000000008e900000, 0x000000008e900000| Untracked 
| 234|0x000000008ea00000, 0x000000008eb00000, 0x000000008eb00000|100%| S|CS|TAMS 0x000000008ea00000, 0x000000008ea00000| Complete 
| 235|0x000000008eb00000, 0x000000008ec00000, 0x000000008ec00000|100%| S|CS|TAMS 0x000000008eb00000, 0x000000008eb00000| Complete 
| 236|0x000000008ec00000, 0x000000008ed00000, 0x000000008ed00000|100%| S|CS|TAMS 0x000000008ec00000, 0x000000008ec00000| Complete 
| 237|0x000000008ed00000, 0x000000008ee00000, 0x000000008ee00000|100%| S|CS|TAMS 0x000000008ed00000, 0x000000008ed00000| Complete 
| 238|0x000000008ee00000, 0x000000008ef00000, 0x000000008ef00000|100%| S|CS|TAMS 0x000000008ee00000, 0x000000008ee00000| Complete 
| 239|0x000000008ef00000, 0x000000008f000000, 0x000000008f000000|100%| S|CS|TAMS 0x000000008ef00000, 0x000000008ef00000| Complete 
| 240|0x000000008f000000, 0x000000008f000000, 0x000000008f100000|  0%| F|  |TAMS 0x000000008f000000, 0x000000008f000000| Untracked 
| 241|0x000000008f100000, 0x000000008f100000, 0x000000008f200000|  0%| F|  |TAMS 0x000000008f100000, 0x000000008f100000| Untracked 
| 242|0x000000008f200000, 0x000000008f200000, 0x000000008f300000|  0%| F|  |TAMS 0x000000008f200000, 0x000000008f200000| Untracked 
| 243|0x000000008f300000, 0x000000008f300000, 0x000000008f400000|  0%| F|  |TAMS 0x000000008f300000, 0x000000008f300000| Untracked 
| 244|0x000000008f400000, 0x000000008f400000, 0x000000008f500000|  0%| F|  |TAMS 0x000000008f400000, 0x000000008f400000| Untracked 
| 245|0x000000008f500000, 0x000000008f500000, 0x000000008f600000|  0%| F|  |TAMS 0x000000008f500000, 0x000000008f500000| Untracked 
| 246|0x000000008f600000, 0x000000008f600000, 0x000000008f700000|  0%| F|  |TAMS 0x000000008f600000, 0x000000008f600000| Untracked 
| 247|0x000000008f700000, 0x000000008f700000, 0x000000008f800000|  0%| F|  |TAMS 0x000000008f700000, 0x000000008f700000| Untracked 
| 248|0x000000008f800000, 0x000000008f800000, 0x000000008f900000|  0%| F|  |TAMS 0x000000008f800000, 0x000000008f800000| Untracked 
| 249|0x000000008f900000, 0x000000008f900000, 0x000000008fa00000|  0%| F|  |TAMS 0x000000008f900000, 0x000000008f900000| Untracked 
| 250|0x000000008fa00000, 0x000000008fa00000, 0x000000008fb00000|  0%| F|  |TAMS 0x000000008fa00000, 0x000000008fa00000| Untracked 
| 251|0x000000008fb00000, 0x000000008fb00000, 0x000000008fc00000|  0%| F|  |TAMS 0x000000008fb00000, 0x000000008fb00000| Untracked 
| 252|0x000000008fc00000, 0x000000008fc00000, 0x000000008fd00000|  0%| F|  |TAMS 0x000000008fc00000, 0x000000008fc00000| Untracked 
| 253|0x000000008fd00000, 0x000000008fd00000, 0x000000008fe00000|  0%| F|  |TAMS 0x000000008fd00000, 0x000000008fd00000| Untracked 
| 254|0x000000008fe00000, 0x000000008fe00000, 0x000000008ff00000|  0%| F|  |TAMS 0x000000008fe00000, 0x000000008fe00000| Untracked 
| 255|0x000000008ff00000, 0x000000008ff00000, 0x0000000090000000|  0%| F|  |TAMS 0x000000008ff00000, 0x000000008ff00000| Untracked 
| 256|0x0000000090000000, 0x0000000090000000, 0x0000000090100000|  0%| F|  |TAMS 0x0000000090000000, 0x0000000090000000| Untracked 
| 257|0x0000000090100000, 0x0000000090100000, 0x0000000090200000|  0%| F|  |TAMS 0x0000000090100000, 0x0000000090100000| Untracked 
| 258|0x0000000090200000, 0x0000000090200000, 0x0000000090300000|  0%| F|  |TAMS 0x0000000090200000, 0x0000000090200000| Untracked 
| 259|0x0000000090300000, 0x0000000090300000, 0x0000000090400000|  0%| F|  |TAMS 0x0000000090300000, 0x0000000090300000| Untracked 
| 260|0x0000000090400000, 0x0000000090400000, 0x0000000090500000|  0%| F|  |TAMS 0x0000000090400000, 0x0000000090400000| Untracked 
| 261|0x0000000090500000, 0x0000000090500000, 0x0000000090600000|  0%| F|  |TAMS 0x0000000090500000, 0x0000000090500000| Untracked 
| 262|0x0000000090600000, 0x0000000090600000, 0x0000000090700000|  0%| F|  |TAMS 0x0000000090600000, 0x0000000090600000| Untracked 
| 263|0x0000000090700000, 0x0000000090700000, 0x0000000090800000|  0%| F|  |TAMS 0x0000000090700000, 0x0000000090700000| Untracked 
| 264|0x0000000090800000, 0x0000000090823640, 0x0000000090900000| 13%| E|  |TAMS 0x0000000090800000, 0x0000000090800000| Complete 
| 265|0x0000000090900000, 0x0000000090a00000, 0x0000000090a00000|100%| E|CS|TAMS 0x0000000090900000, 0x0000000090900000| Complete 
| 266|0x0000000090a00000, 0x0000000090b00000, 0x0000000090b00000|100%| E|CS|TAMS 0x0000000090a00000, 0x0000000090a00000| Complete 
| 267|0x0000000090b00000, 0x0000000090c00000, 0x0000000090c00000|100%| E|CS|TAMS 0x0000000090b00000, 0x0000000090b00000| Complete 
| 268|0x0000000090c00000, 0x0000000090d00000, 0x0000000090d00000|100%| E|CS|TAMS 0x0000000090c00000, 0x0000000090c00000| Complete 
| 269|0x0000000090d00000, 0x0000000090e00000, 0x0000000090e00000|100%| E|CS|TAMS 0x0000000090d00000, 0x0000000090d00000| Complete 
| 270|0x0000000090e00000, 0x0000000090f00000, 0x0000000090f00000|100%| E|CS|TAMS 0x0000000090e00000, 0x0000000090e00000| Complete 
| 271|0x0000000090f00000, 0x0000000091000000, 0x0000000091000000|100%| E|CS|TAMS 0x0000000090f00000, 0x0000000090f00000| Complete 
| 272|0x0000000091000000, 0x0000000091100000, 0x0000000091100000|100%| E|CS|TAMS 0x0000000091000000, 0x0000000091000000| Complete 
| 273|0x0000000091100000, 0x0000000091200000, 0x0000000091200000|100%| E|CS|TAMS 0x0000000091100000, 0x0000000091100000| Complete 
| 274|0x0000000091200000, 0x0000000091300000, 0x0000000091300000|100%| E|CS|TAMS 0x0000000091200000, 0x0000000091200000| Complete 
| 275|0x0000000091300000, 0x0000000091400000, 0x0000000091400000|100%| E|CS|TAMS 0x0000000091300000, 0x0000000091300000| Complete 
| 276|0x0000000091400000, 0x0000000091500000, 0x0000000091500000|100%| E|CS|TAMS 0x0000000091400000, 0x0000000091400000| Complete 
| 277|0x0000000091500000, 0x0000000091600000, 0x0000000091600000|100%| E|CS|TAMS 0x0000000091500000, 0x0000000091500000| Complete 
| 278|0x0000000091600000, 0x0000000091700000, 0x0000000091700000|100%| E|CS|TAMS 0x0000000091600000, 0x0000000091600000| Complete 

Card table byte_map: [0x0000026351f40000,0x0000026352340000] _byte_map_base: 0x0000026351b40000

Marking Bits (Prev, Next): (CMBitMap*) 0x000002633ea5d498, (CMBitMap*) 0x000002633ea5d4d0
 Prev Bits: [0x0000026352740000, 0x0000026354740000)
 Next Bits: [0x0000026354740000, 0x0000026356740000)

Polling page: 0x000002633cfb0000

Metaspace:

Usage:
  Non-class:    116.12 MB capacity,   114.22 MB ( 98%) used,     1.54 MB (  1%) free+waste,   367.69 KB ( <1%) overhead. 
      Class:     17.06 MB capacity,    15.93 MB ( 93%) used,   997.77 KB (  6%) free+waste,   160.44 KB ( <1%) overhead. 
       Both:    133.18 MB capacity,   130.15 MB ( 98%) used,     2.51 MB (  2%) free+waste,   528.13 KB ( <1%) overhead. 

Virtual space:
  Non-class space:      118.00 MB reserved,     116.71 MB ( 99%) committed 
      Class space:        1.00 GB reserved,      17.32 MB (  2%) committed 
             Both:        1.12 GB reserved,     134.04 MB ( 12%) committed 

Chunk freelists:
   Non-Class:  605.00 KB
       Class:  194.00 KB
        Both:  799.00 KB

MaxMetaspaceSize: 17179869184.00 GB
CompressedClassSpaceSize: 1.00 GB

CodeHeap 'non-profiled nmethods': size=120064Kb used=14182Kb max_used=14182Kb free=105881Kb
 bounds [0x0000026349fe0000, 0x000002634adc0000, 0x0000026351520000]
CodeHeap 'profiled nmethods': size=120000Kb used=45778Kb max_used=45778Kb free=74221Kb
 bounds [0x0000026342ab0000, 0x0000026345780000, 0x0000026349fe0000]
CodeHeap 'non-nmethods': size=5696Kb used=2380Kb max_used=2436Kb free=3315Kb
 bounds [0x0000026342520000, 0x0000026342790000, 0x0000026342ab0000]
 total_blobs=21734 nmethods=20724 adapters=920
 compilation: enabled
              stopped_count=0, restarted_count=0
 full_count=0

Compilation events (20 events):
Event: 4256.800 Thread 0x0000026358d67800 22263       3       com.android.aapt.Resources$Visibility::writeTo (82 bytes)
Event: 4256.802 Thread 0x0000026358d67800 nmethod 22263 0x000002634570ed90 code [0x000002634570f0c0, 0x00000263457106c8]
Event: 4256.802 Thread 0x0000026358d67800 22264       3       com.android.aapt.Resources$ConfigValue::writeTo (41 bytes)
Event: 4256.802 Thread 0x0000026358d67800 nmethod 22264 0x0000026345710c90 code [0x0000026345710ea0, 0x0000026345711448]
Event: 4256.802 Thread 0x0000026358d67800 22265       3       com.android.aapt.ConfigurationOuterClass$Configuration::writeTo (519 bytes)
Event: 4256.802 Thread 0x0000026358d60800 nmethod 22202 0x000002634a447c90 code [0x000002634a448040, 0x000002634a44c258]
Event: 4256.803 Thread 0x0000026358d60800 22250       4       java.lang.StringCoding::encodeUTF8 (132 bytes)
Event: 4256.806 Thread 0x0000026358d67800 nmethod 22265 0x0000026345711610 code [0x0000026345711d00, 0x00000263457162d8]
Event: 4256.806 Thread 0x0000026358d67800 22266       3       com.android.aapt.Resources$Value::writeTo (100 bytes)
Event: 4256.807 Thread 0x0000026358d67800 nmethod 22266 0x0000026345717690 code [0x00000263457179c0, 0x00000263457191b8]
Event: 4256.812 Thread 0x0000026358d60800 nmethod 22250 0x000002634a3de910 code [0x000002634a3deae0, 0x000002634a3df138]
Event: 4256.812 Thread 0x0000026358d60800 22242       4       com.google.protobuf.CodedOutputStream::computeUInt32SizeNoTag (41 bytes)
Event: 4256.812 Thread 0x0000026358d60800 nmethod 22242 0x000002634a3cc090 code [0x000002634a3cc220, 0x000002634a3cc298]
Event: 4256.812 Thread 0x0000026358d60800 22241   !   4       java.lang.StringCoding::encode (324 bytes)
Event: 4256.813 Thread 0x0000026358d67800 22267       3       com.android.aapt.Resources$String::writeTo (28 bytes)
Event: 4256.813 Thread 0x0000026358d67800 nmethod 22267 0x0000026345719790 code [0x0000026345719a60, 0x000002634571ab18]
Event: 4256.820 Thread 0x0000026358d67800 22268       3       com.android.aapt.Resources$Styleable$Entry::getSerializedSize (88 bytes)
Event: 4256.822 Thread 0x0000026358d67800 nmethod 22268 0x000002634571af90 code [0x000002634571b3c0, 0x000002634571d268]
Event: 4256.826 Thread 0x0000026358d60800 nmethod 22241 0x000002634a496810 code [0x000002634a496a40, 0x000002634a4973f0]
Event: 4256.826 Thread 0x0000026358d60800 22252       4       com.google.protobuf.ByteString::copyFromUtf8 (15 bytes)

GC Heap History (20 events):
Event: 4252.446 GC heap before
{Heap before GC invocations=104 (full 0):
 garbage-first heap   total 189440K, used 163526K [0x0000000080000000, 0x0000000100000000)
  region size 1024K, 10 young (10240K), 2 survivors (2048K)
 Metaspace       used 126384K, capacity 129261K, committed 130468K, reserved 1163264K
  class space    used 15666K, capacity 16758K, committed 17100K, reserved 1048576K
}
Event: 4252.450 GC heap after
{Heap after GC invocations=105 (full 0):
 garbage-first heap   total 189440K, used 156180K [0x0000000080000000, 0x0000000100000000)
  region size 1024K, 1 young (1024K), 1 survivors (1024K)
 Metaspace       used 126384K, capacity 129261K, committed 130468K, reserved 1163264K
  class space    used 15666K, capacity 16758K, committed 17100K, reserved 1048576K
}
Event: 4252.740 GC heap before
{Heap before GC invocations=106 (full 0):
 garbage-first heap   total 189440K, used 163348K [0x0000000080000000, 0x0000000100000000)
  region size 1024K, 9 young (9216K), 1 survivors (1024K)
 Metaspace       used 126705K, capacity 129681K, committed 130724K, reserved 1163264K
  class space    used 15696K, capacity 16812K, committed 17100K, reserved 1048576K
}
Event: 4252.744 GC heap after
{Heap after GC invocations=107 (full 0):
 garbage-first heap   total 189440K, used 156828K [0x0000000080000000, 0x0000000100000000)
  region size 1024K, 2 young (2048K), 2 survivors (2048K)
 Metaspace       used 126705K, capacity 129681K, committed 130724K, reserved 1163264K
  class space    used 15696K, capacity 16812K, committed 17100K, reserved 1048576K
}
Event: 4252.957 GC heap before
{Heap before GC invocations=107 (full 0):
 garbage-first heap   total 189440K, used 172188K [0x0000000080000000, 0x0000000100000000)
  region size 1024K, 9 young (9216K), 2 survivors (2048K)
 Metaspace       used 126748K, capacity 129745K, committed 130980K, reserved 1163264K
  class space    used 15699K, capacity 16812K, committed 17100K, reserved 1048576K
}
Event: 4252.969 GC heap after
{Heap after GC invocations=108 (full 0):
 garbage-first heap   total 189440K, used 155785K [0x0000000080000000, 0x0000000100000000)
  region size 1024K, 1 young (1024K), 1 survivors (1024K)
 Metaspace       used 126748K, capacity 129745K, committed 130980K, reserved 1163264K
  class space    used 15699K, capacity 16812K, committed 17100K, reserved 1048576K
}
Event: 4253.189 GC heap before
{Heap before GC invocations=108 (full 0):
 garbage-first heap   total 189440K, used 163977K [0x0000000080000000, 0x0000000100000000)
  region size 1024K, 9 young (9216K), 1 survivors (1024K)
 Metaspace       used 126773K, capacity 129746K, committed 130980K, reserved 1163264K
  class space    used 15699K, capacity 16812K, committed 17100K, reserved 1048576K
}
Event: 4253.199 GC heap after
{Heap after GC invocations=109 (full 0):
 garbage-first heap   total 227328K, used 156828K [0x0000000080000000, 0x0000000100000000)
  region size 1024K, 2 young (2048K), 2 survivors (2048K)
 Metaspace       used 126773K, capacity 129746K, committed 130980K, reserved 1163264K
  class space    used 15699K, capacity 16812K, committed 17100K, reserved 1048576K
}
Event: 4253.938 GC heap before
{Heap before GC invocations=110 (full 0):
 garbage-first heap   total 227328K, used 179356K [0x0000000080000000, 0x0000000100000000)
  region size 1024K, 24 young (24576K), 2 survivors (2048K)
 Metaspace       used 128925K, capacity 131979K, committed 133028K, reserved 1165312K
  class space    used 15989K, capacity 17134K, committed 17356K, reserved 1048576K
}
Event: 4253.949 GC heap after
{Heap after GC invocations=111 (full 0):
 garbage-first heap   total 227328K, used 158640K [0x0000000080000000, 0x0000000100000000)
  region size 1024K, 3 young (3072K), 3 survivors (3072K)
 Metaspace       used 128925K, capacity 131979K, committed 133028K, reserved 1165312K
  class space    used 15989K, capacity 17134K, committed 17356K, reserved 1048576K
}
Event: 4254.263 GC heap before
{Heap before GC invocations=111 (full 0):
 garbage-first heap   total 227328K, used 182192K [0x0000000080000000, 0x0000000100000000)
  region size 1024K, 26 young (26624K), 3 survivors (3072K)
 Metaspace       used 128934K, capacity 131979K, committed 133028K, reserved 1165312K
  class space    used 15989K, capacity 17134K, committed 17356K, reserved 1048576K
}
Event: 4254.270 GC heap after
{Heap after GC invocations=112 (full 0):
 garbage-first heap   total 227328K, used 158761K [0x0000000080000000, 0x0000000100000000)
  region size 1024K, 2 young (2048K), 2 survivors (2048K)
 Metaspace       used 128934K, capacity 131979K, committed 133028K, reserved 1165312K
  class space    used 15989K, capacity 17134K, committed 17356K, reserved 1048576K
}
Event: 4254.435 GC heap before
{Heap before GC invocations=112 (full 0):
 garbage-first heap   total 227328K, used 183337K [0x0000000080000000, 0x0000000100000000)
  region size 1024K, 26 young (26624K), 2 survivors (2048K)
 Metaspace       used 128936K, capacity 131979K, committed 133028K, reserved 1165312K
  class space    used 15989K, capacity 17134K, committed 17356K, reserved 1048576K
}
Event: 4254.439 GC heap after
{Heap after GC invocations=113 (full 0):
 garbage-first heap   total 227328K, used 158624K [0x0000000080000000, 0x0000000100000000)
  region size 1024K, 2 young (2048K), 2 survivors (2048K)
 Metaspace       used 128936K, capacity 131979K, committed 133028K, reserved 1165312K
  class space    used 15989K, capacity 17134K, committed 17356K, reserved 1048576K
}
Event: 4255.005 GC heap before
{Heap before GC invocations=114 (full 0):
 garbage-first heap   total 227328K, used 170912K [0x0000000080000000, 0x0000000100000000)
  region size 1024K, 15 young (15360K), 2 survivors (2048K)
 Metaspace       used 129022K, capacity 132049K, committed 133028K, reserved 1165312K
  class space    used 15997K, capacity 17136K, committed 17356K, reserved 1048576K
}
Event: 4255.019 GC heap after
{Heap after GC invocations=115 (full 0):
 garbage-first heap   total 227328K, used 163445K [0x0000000080000000, 0x0000000100000000)
  region size 1024K, 4 young (4096K), 4 survivors (4096K)
 Metaspace       used 129022K, capacity 132049K, committed 133028K, reserved 1165312K
  class space    used 15997K, capacity 17136K, committed 17356K, reserved 1048576K
}
Event: 4255.628 GC heap before
{Heap before GC invocations=116 (full 0):
 garbage-first heap   total 227328K, used 199285K [0x0000000080000000, 0x0000000100000000)
  region size 1024K, 25 young (25600K), 4 survivors (4096K)
 Metaspace       used 129362K, capacity 132415K, committed 133412K, reserved 1165312K
  class space    used 16023K, capacity 17182K, committed 17484K, reserved 1048576K
}
Event: 4255.640 GC heap after
{Heap after GC invocations=117 (full 0):
 garbage-first heap   total 285696K, used 166171K [0x0000000080000000, 0x0000000100000000)
  region size 1024K, 3 young (3072K), 3 survivors (3072K)
 Metaspace       used 129362K, capacity 132415K, committed 133412K, reserved 1165312K
  class space    used 16023K, capacity 17182K, committed 17484K, reserved 1048576K
}
Event: 4256.599 GC heap before
{Heap before GC invocations=117 (full 0):
 garbage-first heap   total 285696K, used 206107K [0x0000000080000000, 0x0000000100000000)
  region size 1024K, 42 young (43008K), 3 survivors (3072K)
 Metaspace       used 133097K, capacity 136153K, committed 137252K, reserved 1169408K
  class space    used 16300K, capacity 17438K, committed 17740K, reserved 1048576K
}
Event: 4256.618 GC heap after
{Heap after GC invocations=118 (full 0):
 garbage-first heap   total 285696K, used 173211K [0x0000000080000000, 0x0000000100000000)
  region size 1024K, 6 young (6144K), 6 survivors (6144K)
 Metaspace       used 133097K, capacity 136153K, committed 137252K, reserved 1169408K
  class space    used 16300K, capacity 17438K, committed 17740K, reserved 1048576K
}

Deoptimization events (20 events):
Event: 4256.369 Thread 0x0000026364bbd000 DEOPT PACKING pc=0x00000263438b8d48 sp=0x00000069e3ffd150
Event: 4256.369 Thread 0x0000026364bbd000 DEOPT UNPACKING pc=0x0000026342546d5e sp=0x00000069e3ffc658 mode 0
Event: 4256.370 Thread 0x0000026364bbd000 DEOPT PACKING pc=0x000002634374726b sp=0x00000069e3ffd4b0
Event: 4256.370 Thread 0x0000026364bbd000 DEOPT UNPACKING pc=0x0000026342546d5e sp=0x00000069e3ffc9a0 mode 0
Event: 4256.383 Thread 0x0000026364bbd000 DEOPT PACKING pc=0x00000263438b8d48 sp=0x00000069e3ffd160
Event: 4256.383 Thread 0x0000026364bbd000 DEOPT UNPACKING pc=0x0000026342546d5e sp=0x00000069e3ffc668 mode 0
Event: 4256.385 Thread 0x0000026364bbd000 DEOPT PACKING pc=0x00000263438b8d48 sp=0x00000069e3ffcd30
Event: 4256.385 Thread 0x0000026364bbd000 DEOPT UNPACKING pc=0x0000026342546d5e sp=0x00000069e3ffc238 mode 0
Event: 4256.388 Thread 0x0000026364bbd000 DEOPT PACKING pc=0x0000026342f9d7c1 sp=0x00000069e3ffd2f0
Event: 4256.388 Thread 0x0000026364bbd000 DEOPT UNPACKING pc=0x0000026342546d5e sp=0x00000069e3ffc760 mode 0
Event: 4256.457 Thread 0x0000026364bba800 Uncommon trap: trap_request=0xffffff4d fr.pc=0x000002634a392f08 relative=0x0000000000001488
Event: 4256.457 Thread 0x0000026364bba800 Uncommon trap: reason=unstable_if action=reinterpret pc=0x000002634a392f08 method=com.android.aaptcompiler.XmlStringBuilder.append(Ljava/lang/String;)Lcom/android/aaptcompiler/XmlStringBuilder; @ 271 c2
Event: 4256.457 Thread 0x0000026364bba800 DEOPT PACKING pc=0x000002634a392f08 sp=0x00000069e3efcff0
Event: 4256.457 Thread 0x0000026364bba800 DEOPT UNPACKING pc=0x00000263425465af sp=0x00000069e3efcfd8 mode 2
Event: 4256.582 Thread 0x0000026364bb9800 DEOPT PACKING pc=0x0000026342fed730 sp=0x00000069e3dfd790
Event: 4256.582 Thread 0x0000026364bb9800 DEOPT UNPACKING pc=0x0000026342546d5e sp=0x00000069e3dfcca0 mode 0
Event: 4256.740 Thread 0x0000026364bbd000 Uncommon trap: trap_request=0xffffff4d fr.pc=0x000002634a30dc78 relative=0x0000000000000058
Event: 4256.740 Thread 0x0000026364bbd000 Uncommon trap: reason=unstable_if action=reinterpret pc=0x000002634a30dc78 method=com.google.protobuf.CodedOutputStream.computeUInt32SizeNoTag(I)I @ 24 c2
Event: 4256.740 Thread 0x0000026364bbd000 DEOPT PACKING pc=0x000002634a30dc78 sp=0x00000069e3ffd470
Event: 4256.740 Thread 0x0000026364bbd000 DEOPT UNPACKING pc=0x00000263425465af sp=0x00000069e3ffd410 mode 2

Classes redefined (0 events):
No events

Internal exceptions (20 events):
Event: 4252.464 Thread 0x0000026364bb8000 Exception <a 'java/lang/NoSuchMethodError'{0x000000008b88a7d0}: <clinit>> (0x000000008b88a7d0) thrown at [./src/hotspot/share/prims/jni.cpp, line 1362]
Event: 4252.481 Thread 0x0000026364bb8000 Exception <a 'java/lang/NoSuchMethodError'{0x000000008b8fa6d0}: <clinit>> (0x000000008b8fa6d0) thrown at [./src/hotspot/share/prims/jni.cpp, line 1362]
Event: 4252.482 Thread 0x0000026364bb8000 Exception <a 'java/lang/NoSuchMethodError'{0x000000008b8fd298}: <clinit>> (0x000000008b8fd298) thrown at [./src/hotspot/share/prims/jni.cpp, line 1362]
Event: 4252.482 Thread 0x0000026364bb8000 Exception <a 'java/lang/NoSuchMethodError'{0x000000008b702158}: <clinit>> (0x000000008b702158) thrown at [./src/hotspot/share/prims/jni.cpp, line 1362]
Event: 4252.482 Thread 0x0000026364bb8000 Exception <a 'java/lang/NoSuchMethodError'{0x000000008b70d8f8}: <clinit>> (0x000000008b70d8f8) thrown at [./src/hotspot/share/prims/jni.cpp, line 1362]
Event: 4252.487 Thread 0x0000026364bb8000 Exception <a 'java/lang/NoSuchMethodError'{0x000000008b7816a8}: <clinit>> (0x000000008b7816a8) thrown at [./src/hotspot/share/prims/jni.cpp, line 1362]
Event: 4252.491 Thread 0x0000026364bb8000 Exception <a 'java/lang/NoSuchMethodError'{0x000000008b7b3598}: <clinit>> (0x000000008b7b3598) thrown at [./src/hotspot/share/prims/jni.cpp, line 1362]
Event: 4252.492 Thread 0x0000026364bb8000 Exception <a 'java/lang/NoSuchMethodError'{0x000000008b7b6a00}: <clinit>> (0x000000008b7b6a00) thrown at [./src/hotspot/share/prims/jni.cpp, line 1362]
Event: 4252.492 Thread 0x0000026364bb8000 Exception <a 'java/lang/NoSuchMethodError'{0x000000008b7b9670}: <clinit>> (0x000000008b7b9670) thrown at [./src/hotspot/share/prims/jni.cpp, line 1362]
Event: 4252.493 Thread 0x0000026364bb8000 Exception <a 'java/lang/NoSuchMethodError'{0x000000008b7d1900}: <clinit>> (0x000000008b7d1900) thrown at [./src/hotspot/share/prims/jni.cpp, line 1362]
Event: 4252.494 Thread 0x0000026364bb8000 Exception <a 'java/lang/NoSuchMethodError'{0x000000008b7e8f18}: <clinit>> (0x000000008b7e8f18) thrown at [./src/hotspot/share/prims/jni.cpp, line 1362]
Event: 4252.495 Thread 0x0000026364bb8000 Exception <a 'java/lang/NoSuchMethodError'{0x000000008b7fd998}: <clinit>> (0x000000008b7fd998) thrown at [./src/hotspot/share/prims/jni.cpp, line 1362]
Event: 4252.497 Thread 0x0000026364bb8000 Exception <a 'java/lang/NoSuchMethodError'{0x000000008b620ad0}: <clinit>> (0x000000008b620ad0) thrown at [./src/hotspot/share/prims/jni.cpp, line 1362]
Event: 4252.499 Thread 0x0000026364bb8000 Exception <a 'java/lang/NoSuchMethodError'{0x000000008b6467f8}: <clinit>> (0x000000008b6467f8) thrown at [./src/hotspot/share/prims/jni.cpp, line 1362]
Event: 4252.501 Thread 0x0000026364bb8000 Exception <a 'java/lang/NoSuchMethodError'{0x000000008b65aff8}: <clinit>> (0x000000008b65aff8) thrown at [./src/hotspot/share/prims/jni.cpp, line 1362]
Event: 4253.636 Thread 0x0000026364bb8000 Exception <a 'java/lang/NoSuchMethodError'{0x000000008d32be88}: 'java.lang.Object java.lang.invoke.DelegatingMethodHandle$Holder.reinvoke_L(java.lang.Object, int, int, java.lang.Object, java.lang.Object, java.lang.Object)'> (0x000000008d32be88) thrown at [./src/hotspot/share/interpreter/linkResolver.cpp, line 773]
Event: 4254.986 Thread 0x0000026364bb8000 Implicit null exception at 0x000002634ad51935 to 0x000002634ad55c9c
Event: 4254.986 Thread 0x0000026364bb8000 Implicit null exception at 0x000002634ad51935 to 0x000002634ad55c9c
Event: 4255.138 Thread 0x0000026364bb8000 Implicit null exception at 0x000002634ad51935 to 0x000002634ad55c9c
Event: 4255.476 Thread 0x0000026364bb8000 Exception <a 'java/lang/NoSuchMethodError'{0x000000008dacd1d0}: <clinit>> (0x000000008dacd1d0) thrown at [./src/hotspot/share/prims/jni.cpp, line 1362]

Events (20 events):
Event: 4256.569 loading class com/android/aapt/Resources$Id$Builder
Event: 4256.569 loading class com/android/aapt/Resources$Id$Builder done
Event: 4256.599 Executing VM operation: G1CollectForAllocation
Event: 4256.618 Executing VM operation: G1CollectForAllocation done
Event: 4256.630 loading class com/android/aapt/Resources$Primitive$EmptyType$1
Event: 4256.630 loading class com/android/aapt/Resources$Primitive$EmptyType$1 done
Event: 4256.631 loading class com/android/aapt/Resources$Primitive$EmptyType$Builder
Event: 4256.631 loading class com/android/aapt/Resources$Primitive$EmptyType$Builder done
Event: 4256.675 loading class com/android/aapt/Resources$Styleable$1
Event: 4256.675 loading class com/android/aapt/Resources$Styleable$1 done
Event: 4256.675 loading class com/android/aapt/Resources$Styleable$Builder
Event: 4256.675 loading class com/android/aapt/Resources$Styleable$Builder done
Event: 4256.677 loading class com/android/aapt/Resources$Styleable$Entry
Event: 4256.677 loading class com/android/aapt/Resources$Styleable$Entry done
Event: 4256.716 loading class com/android/aapt/Resources$Styleable$EntryOrBuilder
Event: 4256.716 loading class com/android/aapt/Resources$Styleable$EntryOrBuilder done
Event: 4256.717 loading class com/android/aapt/Resources$Styleable$Entry$1
Event: 4256.717 loading class com/android/aapt/Resources$Styleable$Entry$1 done
Event: 4256.718 loading class com/android/aapt/Resources$Styleable$Entry$Builder
Event: 4256.718 loading class com/android/aapt/Resources$Styleable$Entry$Builder done


Dynamic libraries:
0x00007ff6cd6d0000 - 0x00007ff6cd6da000 	C:\Program Files\Android\Android Studio\jre\bin\java.exe
0x00007ffb1b170000 - 0x00007ffb1b365000 	C:\WINDOWS\SYSTEM32\ntdll.dll
0x00007ffb19d30000 - 0x00007ffb19dee000 	C:\WINDOWS\System32\KERNEL32.DLL
0x00007ffb18b70000 - 0x00007ffb18e38000 	C:\WINDOWS\System32\KERNELBASE.dll
0x00007ffb189d0000 - 0x00007ffb18ad0000 	C:\WINDOWS\System32\ucrtbase.dll
0x00007ffafdd40000 - 0x00007ffafdd57000 	C:\Program Files\Android\Android Studio\jre\bin\VCRUNTIME140.dll
0x00007ffafdc90000 - 0x00007ffafdca9000 	C:\Program Files\Android\Android Studio\jre\bin\jli.dll
0x00007ffb191d0000 - 0x00007ffb19370000 	C:\WINDOWS\System32\USER32.dll
0x00007ffb19150000 - 0x00007ffb19172000 	C:\WINDOWS\System32\win32u.dll
0x00007ffb04860000 - 0x00007ffb04afa000 	C:\WINDOWS\WinSxS\amd64_microsoft.windows.common-controls_6595b64144ccf1df_6.0.19041.1110_none_60b5254171f9507e\COMCTL32.dll
0x00007ffb19cd0000 - 0x00007ffb19cfa000 	C:\WINDOWS\System32\GDI32.dll
0x00007ffb18fa0000 - 0x00007ffb190ab000 	C:\WINDOWS\System32\gdi32full.dll
0x00007ffb1a7d0000 - 0x00007ffb1a86e000 	C:\WINDOWS\System32\msvcrt.dll
0x00007ffb190b0000 - 0x00007ffb1914d000 	C:\WINDOWS\System32\msvcp_win.dll
0x00007ffb19d00000 - 0x00007ffb19d30000 	C:\WINDOWS\System32\IMM32.DLL
0x00007ffaf4e30000 - 0x00007ffaf4ecd000 	C:\Program Files\Android\Android Studio\jre\bin\msvcp140.dll
0x00007fface630000 - 0x00007ffacf105000 	C:\Program Files\Android\Android Studio\jre\bin\server\jvm.dll
0x00007ffb1a650000 - 0x00007ffb1a6fe000 	C:\WINDOWS\System32\ADVAPI32.dll
0x00007ffb199a0000 - 0x00007ffb19a3c000 	C:\WINDOWS\System32\sechost.dll
0x00007ffb1aea0000 - 0x00007ffb1afc5000 	C:\WINDOWS\System32\RPCRT4.dll
0x00007ffb1aff0000 - 0x00007ffb1aff8000 	C:\WINDOWS\System32\PSAPI.DLL
0x00007ffb0b5f0000 - 0x00007ffb0b617000 	C:\WINDOWS\SYSTEM32\WINMM.dll
0x00007ffb12a30000 - 0x00007ffb12a3a000 	C:\WINDOWS\SYSTEM32\VERSION.dll
0x00007ffb06870000 - 0x00007ffb06879000 	C:\WINDOWS\SYSTEM32\WSOCK32.dll
0x00007ffb196d0000 - 0x00007ffb1973b000 	C:\WINDOWS\System32\WS2_32.dll
0x00007ffb167d0000 - 0x00007ffb167e2000 	C:\WINDOWS\SYSTEM32\kernel.appcore.dll
0x00007ffafdcb0000 - 0x00007ffafdcc1000 	C:\Program Files\Android\Android Studio\jre\bin\verify.dll
0x00007ffb0abb0000 - 0x00007ffb0ad94000 	C:\WINDOWS\SYSTEM32\DBGHELP.DLL
0x00007ffb06840000 - 0x00007ffb0686c000 	C:\WINDOWS\SYSTEM32\dbgcore.DLL
0x00007ffb18890000 - 0x00007ffb18912000 	C:\WINDOWS\System32\bcryptPrimitives.dll
0x00007ffafa790000 - 0x00007ffafa7b9000 	C:\Program Files\Android\Android Studio\jre\bin\java.dll
0x00007ffb138d0000 - 0x00007ffb138db000 	C:\Program Files\Android\Android Studio\jre\bin\jimage.dll
0x00007ffafc730000 - 0x00007ffafc748000 	C:\Program Files\Android\Android Studio\jre\bin\zip.dll
0x00007ffb19e50000 - 0x00007ffb1a594000 	C:\WINDOWS\System32\SHELL32.dll
0x00007ffb169d0000 - 0x00007ffb17164000 	C:\WINDOWS\SYSTEM32\windows.storage.dll
0x00007ffb19370000 - 0x00007ffb196c4000 	C:\WINDOWS\System32\combase.dll
0x00007ffb18230000 - 0x00007ffb1825c000 	C:\WINDOWS\SYSTEM32\Wldp.dll
0x00007ffb1a5a0000 - 0x00007ffb1a64d000 	C:\WINDOWS\System32\SHCORE.dll
0x00007ffb19df0000 - 0x00007ffb19e45000 	C:\WINDOWS\System32\shlwapi.dll
0x00007ffb187d0000 - 0x00007ffb187ef000 	C:\WINDOWS\SYSTEM32\profapi.dll
0x00007ffafc040000 - 0x00007ffafc05a000 	C:\Program Files\Android\Android Studio\jre\bin\net.dll
0x00007ffb12120000 - 0x00007ffb1222a000 	C:\WINDOWS\SYSTEM32\WINHTTP.dll
0x00007ffb17f90000 - 0x00007ffb17ffa000 	C:\WINDOWS\system32\mswsock.dll
0x00007ffafa770000 - 0x00007ffafa784000 	C:\Program Files\Android\Android Studio\jre\bin\nio.dll
0x00007ffb14350000 - 0x00007ffb14377000 	C:\Users\VINICIUS\.gradle\native\e1d6ef7f7dcc3fd88c89a11ec53ec762bb8ba0a96d01ffa2cd45eb1d1d8dd5c5\windows-amd64\native-platform.dll
0x00007ffad1520000 - 0x00007ffad1664000 	C:\Users\VINICIUS\.gradle\native\5664cfc778a61ccfe75a443a1ab52a65af34e5dc3c78e0209fed803814484fcb\windows-amd64\native-platform-file-events.dll
0x00007ffafda10000 - 0x00007ffafda1a000 	C:\Program Files\Android\Android Studio\jre\bin\management.dll
0x00007ffafa760000 - 0x00007ffafa76d000 	C:\Program Files\Android\Android Studio\jre\bin\management_ext.dll
0x00007ffb18190000 - 0x00007ffb181a8000 	C:\WINDOWS\SYSTEM32\CRYPTSP.dll
0x00007ffb17910000 - 0x00007ffb17944000 	C:\WINDOWS\system32\rsaenh.dll
0x00007ffb18ad0000 - 0x00007ffb18af7000 	C:\WINDOWS\System32\bcrypt.dll
0x00007ffb18790000 - 0x00007ffb187be000 	C:\WINDOWS\SYSTEM32\USERENV.dll
0x00007ffb18180000 - 0x00007ffb1818c000 	C:\WINDOWS\SYSTEM32\CRYPTBASE.dll
0x00007ffb17c80000 - 0x00007ffb17cbb000 	C:\WINDOWS\SYSTEM32\IPHLPAPI.DLL
0x00007ffb1a7c0000 - 0x00007ffb1a7c8000 	C:\WINDOWS\System32\NSI.dll
0x00007ffb12c70000 - 0x00007ffb12c87000 	C:\WINDOWS\SYSTEM32\dhcpcsvc6.DLL
0x00007ffb12c50000 - 0x00007ffb12c6d000 	C:\WINDOWS\SYSTEM32\dhcpcsvc.DLL
0x00007ffb17cc0000 - 0x00007ffb17d8b000 	C:\WINDOWS\SYSTEM32\DNSAPI.dll
0x00007ffb13ec0000 - 0x00007ffb13ee7000 	C:\Program Files\Android\Android Studio\jre\bin\sunec.dll
0x00007ffb11e60000 - 0x00007ffb11e6a000 	C:\Windows\System32\rasadhlp.dll
0x00007ffb112b0000 - 0x00007ffb1132f000 	C:\WINDOWS\System32\fwpuclnt.dll

dbghelp: loaded successfully - version: 4.0.5 - missing functions: none
symbol engine: initialized successfully - sym options: 0x614 - pdb path: .;C:\Program Files\Android\Android Studio\jre\bin;C:\WINDOWS\SYSTEM32;C:\WINDOWS\WinSxS\amd64_microsoft.windows.common-controls_6595b64144ccf1df_6.0.19041.1110_none_60b5254171f9507e;C:\Program Files\Android\Android Studio\jre\bin\server;C:\Users\VINICIUS\.gradle\native\e1d6ef7f7dcc3fd88c89a11ec53ec762bb8ba0a96d01ffa2cd45eb1d1d8dd5c5\windows-amd64;C:\Users\VINICIUS\.gradle\native\5664cfc778a61ccfe75a443a1ab52a65af34e5dc3c78e0209fed803814484fcb\windows-amd64

VM Arguments:
jvm_args: --add-opens=java.base/java.util=ALL-UNNAMED --add-opens=java.base/java.lang=ALL-UNNAMED --add-opens=java.base/java.lang.invoke=ALL-UNNAMED --add-opens=java.base/java.util=ALL-UNNAMED --add-opens=java.prefs/java.util.prefs=ALL-UNNAMED --add-opens=java.prefs/java.util.prefs=ALL-UNNAMED --add-opens=java.base/java.nio.charset=ALL-UNNAMED --add-opens=java.base/java.net=ALL-UNNAMED --add-opens=java.base/java.util.concurrent.atomic=ALL-UNNAMED -Xmx2048m -Dfile.encoding=UTF-8 -Duser.country=BR -Duser.language=pt -Duser.variant 
java_command: org.gradle.launcher.daemon.bootstrap.GradleDaemon 7.2
java_class_path (initial): C:\Users\VINICIUS\.gradle\wrapper\dists\gradle-7.2-bin\2dnblmf4td7x66yl1d74lt32g\gradle-7.2\lib\gradle-launcher-7.2.jar
Launcher Type: SUN_STANDARD

[Global flags]
     intx CICompilerCount                          = 3                                         {product} {ergonomic}
     uint ConcGCThreads                            = 1                                         {product} {ergonomic}
     uint G1ConcRefinementThreads                  = 4                                         {product} {ergonomic}
   size_t G1HeapRegionSize                         = 1048576                                   {product} {ergonomic}
    uintx GCDrainStackTargetSize                   = 64                                        {product} {ergonomic}
   size_t InitialHeapSize                          = 134217728                                 {product} {ergonomic}
   size_t MarkStackSize                            = 4194304                                   {product} {ergonomic}
   size_t MaxHeapSize                              = 2147483648                                {product} {command line}
   size_t MaxNewSize                               = 1287651328                                {product} {ergonomic}
   size_t MinHeapDeltaBytes                        = 1048576                                   {product} {ergonomic}
    uintx NonNMethodCodeHeapSize                   = 5830732                                {pd product} {ergonomic}
    uintx NonProfiledCodeHeapSize                  = 122913754                              {pd product} {ergonomic}
    uintx ProfiledCodeHeapSize                     = 122913754                              {pd product} {ergonomic}
    uintx ReservedCodeCacheSize                    = 251658240                              {pd product} {ergonomic}
     bool SegmentedCodeCache                       = true                                      {product} {ergonomic}
     bool UseCompressedClassPointers               = true                                 {lp64_product} {ergonomic}
     bool UseCompressedOops                        = true                                 {lp64_product} {ergonomic}
     bool UseG1GC                                  = true                                      {product} {ergonomic}
     bool UseLargePagesIndividualAllocation        = false                                  {pd product} {ergonomic}

Logging:
Log output configuration:
 #0: stdout all=warning uptime,level,tags
 #1: stderr all=off uptime,level,tags

Environment Variables:
JAVA_HOME=D:\java
PATH=C:\Program Files (x86)\Common Files\Oracle\Java\javapath;C:\Windows\system32;C:\Windows;C:\Windows\System32\Wbem;C:\Windows\System32\WindowsPowerShell\v1.0\;C:\Windows\System32\OpenSSH\;C:\Program Files (x86)\NVIDIA Corporation\PhysX\Common;D:\java\bin;C:\WINDOWS\system32;C:\WINDOWS;C:\WINDOWS\System32\Wbem;C:\WINDOWS\System32\WindowsPowerShell\v1.0\;C:\WINDOWS\System32\OpenSSH\;C:\Program Files\NVIDIA Corporation\NVIDIA NvDLISR;C:\WINDOWS\system32;C:\WINDOWS;C:\WINDOWS\System32\Wbem;C:\WINDOWS\System32\WindowsPowerShell\v1.0\;C:\WINDOWS\System32\OpenSSH\;C:\Program Files\Git\cmd;C:\Users\VINICIUS\AppData\Local\Microsoft\WindowsApps;
USERNAME=VINICIUS
OS=Windows_NT
PROCESSOR_IDENTIFIER=Intel64 Family 6 Model 42 Stepping 7, GenuineIntel



---------------  S Y S T E M  ---------------

OS: Windows 10 , 64 bit Build 19041 (10.0.19041.1566)
OS uptime: 0 days 1:31 hours

CPU:total 4 (initial active 4) (4 cores per cpu, 1 threads per core) family 6 model 42 stepping 7 microcode 0x2f, cmov, cx8, fxsr, mmx, sse, sse2, sse3, ssse3, sse4.1, sse4.2, popcnt, avx, aes, clmul, tsc, tscinvbit

Memory: 4k page, system-wide physical 8136M (581M free)
TotalPageFile size 14792M (AvailPageFile size 3170M)
current process WorkingSet (physical memory assigned to process): 545M, peak: 550M
current process commit charge ("private bytes"): 676M, peak: 682M

vm_info: OpenJDK 64-Bit Server VM (11.0.11+9-b60-7590822) for windows-amd64 JRE (11.0.11+9-b60-7590822), built on Jul 29 2021 21:43:44 by "builder" with MS VC++ 14.0 (VS2015)

END.
